[0.077s] DEBUG:colcon:Command line arguments: ['/usr/bin/colcon', 'build', '--symlink-install']
[0.077s] DEBUG:colcon:Parsed command line arguments: Namespace(log_base=None, log_level=None, verb_name='build', build_base='build', install_base='install', merge_install=False, symlink_install=True, test_result_base=None, continue_on_error=False, executor='parallel', parallel_workers=16, event_handlers=None, ignore_user_meta=False, metas=['./colcon.meta'], base_paths=['.'], packages_ignore=None, packages_ignore_regex=None, paths=None, packages_up_to=None, packages_up_to_regex=None, packages_above=None, packages_above_and_dependencies=None, packages_above_depth=None, packages_select_by_dep=None, packages_skip_by_dep=None, packages_skip_up_to=None, packages_select_build_failed=False, packages_skip_build_finished=False, packages_select_test_failures=False, packages_skip_test_passed=False, packages_select=None, packages_skip=None, packages_select_regex=None, packages_skip_regex=None, packages_start=None, packages_end=None, allow_overriding=[], cmake_args=None, cmake_target=None, cmake_target_skip_unavailable=False, cmake_clean_cache=False, cmake_clean_first=False, cmake_force_configure=False, ament_cmake_args=None, catkin_cmake_args=None, catkin_skip_building_tests=False, verb_parser=<colcon_defaults.argument_parser.defaults.DefaultArgumentsDecorator object at 0x732637403010>, verb_extension=<colcon_core.verb.build.BuildVerb object at 0x7326375504c0>, main=<bound method BuildVerb.main of <colcon_core.verb.build.BuildVerb object at 0x7326375504c0>>)
[0.194s] Level 1:colcon.colcon_core.package_discovery:discover_packages(colcon_meta) check parameters
[0.194s] Level 1:colcon.colcon_core.package_discovery:discover_packages(recursive) check parameters
[0.194s] Level 1:colcon.colcon_core.package_discovery:discover_packages(ignore) check parameters
[0.194s] Level 1:colcon.colcon_core.package_discovery:discover_packages(path) check parameters
[0.194s] Level 1:colcon.colcon_core.package_discovery:discover_packages(colcon_meta) discover
[0.194s] Level 1:colcon.colcon_core.package_discovery:discover_packages(recursive) discover
[0.194s] INFO:colcon.colcon_core.package_discovery:Crawling recursively for packages in '/home/aurora/pnx_decision'
[0.194s] Level 1:colcon.colcon_core.package_identification:_identify(.) by extensions ['ignore', 'ignore_ament_install']
[0.195s] Level 1:colcon.colcon_core.package_identification:_identify(.) by extension 'ignore'
[0.195s] Level 1:colcon.colcon_core.package_identification:_identify(.) by extension 'ignore_ament_install'
[0.195s] Level 1:colcon.colcon_core.package_identification:_identify(.) by extensions ['colcon_pkg']
[0.195s] Level 1:colcon.colcon_core.package_identification:_identify(.) by extension 'colcon_pkg'
[0.195s] Level 1:colcon.colcon_core.package_identification:_identify(.) by extensions ['colcon_meta']
[0.195s] Level 1:colcon.colcon_core.package_identification:_identify(.) by extension 'colcon_meta'
[0.195s] Level 1:colcon.colcon_core.package_identification:_identify(.) by extensions ['ros']
[0.195s] Level 1:colcon.colcon_core.package_identification:_identify(.) by extension 'ros'
[0.204s] Level 1:colcon.colcon_core.package_identification:_identify(.) by extensions ['cmake', 'python']
[0.204s] Level 1:colcon.colcon_core.package_identification:_identify(.) by extension 'cmake'
[0.204s] Level 1:colcon.colcon_core.package_identification:_identify(.) by extension 'python'
[0.204s] Level 1:colcon.colcon_core.package_identification:_identify(.) by extensions ['python_setup_py']
[0.204s] Level 1:colcon.colcon_core.package_identification:_identify(.) by extension 'python_setup_py'
[0.204s] Level 1:colcon.colcon_core.package_identification:_identify(build) by extensions ['ignore', 'ignore_ament_install']
[0.204s] Level 1:colcon.colcon_core.package_identification:_identify(build) by extension 'ignore'
[0.204s] Level 1:colcon.colcon_core.package_identification:_identify(build) ignored
[0.204s] Level 1:colcon.colcon_core.package_identification:_identify(install) by extensions ['ignore', 'ignore_ament_install']
[0.204s] Level 1:colcon.colcon_core.package_identification:_identify(install) by extension 'ignore'
[0.204s] Level 1:colcon.colcon_core.package_identification:_identify(install) ignored
[0.204s] Level 1:colcon.colcon_core.package_identification:_identify(log) by extensions ['ignore', 'ignore_ament_install']
[0.204s] Level 1:colcon.colcon_core.package_identification:_identify(log) by extension 'ignore'
[0.204s] Level 1:colcon.colcon_core.package_identification:_identify(log) ignored
[0.204s] Level 1:colcon.colcon_core.package_identification:_identify(src) by extensions ['ignore', 'ignore_ament_install']
[0.205s] Level 1:colcon.colcon_core.package_identification:_identify(src) by extension 'ignore'
[0.205s] Level 1:colcon.colcon_core.package_identification:_identify(src) by extension 'ignore_ament_install'
[0.205s] Level 1:colcon.colcon_core.package_identification:_identify(src) by extensions ['colcon_pkg']
[0.205s] Level 1:colcon.colcon_core.package_identification:_identify(src) by extension 'colcon_pkg'
[0.205s] Level 1:colcon.colcon_core.package_identification:_identify(src) by extensions ['colcon_meta']
[0.205s] Level 1:colcon.colcon_core.package_identification:_identify(src) by extension 'colcon_meta'
[0.205s] Level 1:colcon.colcon_core.package_identification:_identify(src) by extensions ['ros']
[0.205s] Level 1:colcon.colcon_core.package_identification:_identify(src) by extension 'ros'
[0.205s] Level 1:colcon.colcon_core.package_identification:_identify(src) by extensions ['cmake', 'python']
[0.205s] Level 1:colcon.colcon_core.package_identification:_identify(src) by extension 'cmake'
[0.205s] Level 1:colcon.colcon_core.package_identification:_identify(src) by extension 'python'
[0.205s] Level 1:colcon.colcon_core.package_identification:_identify(src) by extensions ['python_setup_py']
[0.205s] Level 1:colcon.colcon_core.package_identification:_identify(src) by extension 'python_setup_py'
[0.205s] Level 1:colcon.colcon_core.package_identification:_identify(src/BehaviorTree.ROS2) by extensions ['ignore', 'ignore_ament_install']
[0.205s] Level 1:colcon.colcon_core.package_identification:_identify(src/BehaviorTree.ROS2) by extension 'ignore'
[0.205s] Level 1:colcon.colcon_core.package_identification:_identify(src/BehaviorTree.ROS2) by extension 'ignore_ament_install'
[0.205s] Level 1:colcon.colcon_core.package_identification:_identify(src/BehaviorTree.ROS2) by extensions ['colcon_pkg']
[0.205s] Level 1:colcon.colcon_core.package_identification:_identify(src/BehaviorTree.ROS2) by extension 'colcon_pkg'
[0.205s] Level 1:colcon.colcon_core.package_identification:_identify(src/BehaviorTree.ROS2) by extensions ['colcon_meta']
[0.205s] Level 1:colcon.colcon_core.package_identification:_identify(src/BehaviorTree.ROS2) by extension 'colcon_meta'
[0.205s] Level 1:colcon.colcon_core.package_identification:_identify(src/BehaviorTree.ROS2) by extensions ['ros']
[0.205s] Level 1:colcon.colcon_core.package_identification:_identify(src/BehaviorTree.ROS2) by extension 'ros'
[0.205s] Level 1:colcon.colcon_core.package_identification:_identify(src/BehaviorTree.ROS2) by extensions ['cmake', 'python']
[0.205s] Level 1:colcon.colcon_core.package_identification:_identify(src/BehaviorTree.ROS2) by extension 'cmake'
[0.205s] Level 1:colcon.colcon_core.package_identification:_identify(src/BehaviorTree.ROS2) by extension 'python'
[0.205s] Level 1:colcon.colcon_core.package_identification:_identify(src/BehaviorTree.ROS2) by extensions ['python_setup_py']
[0.205s] Level 1:colcon.colcon_core.package_identification:_identify(src/BehaviorTree.ROS2) by extension 'python_setup_py'
[0.205s] Level 1:colcon.colcon_core.package_identification:_identify(src/BehaviorTree.ROS2/behaviortree_ros2) by extensions ['ignore', 'ignore_ament_install']
[0.205s] Level 1:colcon.colcon_core.package_identification:_identify(src/BehaviorTree.ROS2/behaviortree_ros2) by extension 'ignore'
[0.205s] Level 1:colcon.colcon_core.package_identification:_identify(src/BehaviorTree.ROS2/behaviortree_ros2) by extension 'ignore_ament_install'
[0.205s] Level 1:colcon.colcon_core.package_identification:_identify(src/BehaviorTree.ROS2/behaviortree_ros2) by extensions ['colcon_pkg']
[0.205s] Level 1:colcon.colcon_core.package_identification:_identify(src/BehaviorTree.ROS2/behaviortree_ros2) by extension 'colcon_pkg'
[0.205s] Level 1:colcon.colcon_core.package_identification:_identify(src/BehaviorTree.ROS2/behaviortree_ros2) by extensions ['colcon_meta']
[0.205s] Level 1:colcon.colcon_core.package_identification:_identify(src/BehaviorTree.ROS2/behaviortree_ros2) by extension 'colcon_meta'
[0.206s] Level 1:colcon.colcon_core.package_identification:_identify(src/BehaviorTree.ROS2/behaviortree_ros2) by extensions ['ros']
[0.206s] Level 1:colcon.colcon_core.package_identification:_identify(src/BehaviorTree.ROS2/behaviortree_ros2) by extension 'ros'
[0.208s] DEBUG:colcon.colcon_core.package_identification:Package 'src/BehaviorTree.ROS2/behaviortree_ros2' with type 'ros.ament_cmake' and name 'behaviortree_ros2'
[0.208s] Level 1:colcon.colcon_core.package_identification:_identify(src/BehaviorTree.ROS2/btcpp_ros2_interfaces) by extensions ['ignore', 'ignore_ament_install']
[0.208s] Level 1:colcon.colcon_core.package_identification:_identify(src/BehaviorTree.ROS2/btcpp_ros2_interfaces) by extension 'ignore'
[0.208s] Level 1:colcon.colcon_core.package_identification:_identify(src/BehaviorTree.ROS2/btcpp_ros2_interfaces) by extension 'ignore_ament_install'
[0.208s] Level 1:colcon.colcon_core.package_identification:_identify(src/BehaviorTree.ROS2/btcpp_ros2_interfaces) by extensions ['colcon_pkg']
[0.208s] Level 1:colcon.colcon_core.package_identification:_identify(src/BehaviorTree.ROS2/btcpp_ros2_interfaces) by extension 'colcon_pkg'
[0.208s] Level 1:colcon.colcon_core.package_identification:_identify(src/BehaviorTree.ROS2/btcpp_ros2_interfaces) by extensions ['colcon_meta']
[0.208s] Level 1:colcon.colcon_core.package_identification:_identify(src/BehaviorTree.ROS2/btcpp_ros2_interfaces) by extension 'colcon_meta'
[0.208s] Level 1:colcon.colcon_core.package_identification:_identify(src/BehaviorTree.ROS2/btcpp_ros2_interfaces) by extensions ['ros']
[0.209s] Level 1:colcon.colcon_core.package_identification:_identify(src/BehaviorTree.ROS2/btcpp_ros2_interfaces) by extension 'ros'
[0.209s] DEBUG:colcon.colcon_core.package_identification:Package 'src/BehaviorTree.ROS2/btcpp_ros2_interfaces' with type 'ros.ament_cmake' and name 'btcpp_ros2_interfaces'
[0.209s] Level 1:colcon.colcon_core.package_identification:_identify(src/BehaviorTree.ROS2/btcpp_ros2_samples) by extensions ['ignore', 'ignore_ament_install']
[0.209s] Level 1:colcon.colcon_core.package_identification:_identify(src/BehaviorTree.ROS2/btcpp_ros2_samples) by extension 'ignore'
[0.209s] Level 1:colcon.colcon_core.package_identification:_identify(src/BehaviorTree.ROS2/btcpp_ros2_samples) by extension 'ignore_ament_install'
[0.210s] Level 1:colcon.colcon_core.package_identification:_identify(src/BehaviorTree.ROS2/btcpp_ros2_samples) by extensions ['colcon_pkg']
[0.210s] Level 1:colcon.colcon_core.package_identification:_identify(src/BehaviorTree.ROS2/btcpp_ros2_samples) by extension 'colcon_pkg'
[0.210s] Level 1:colcon.colcon_core.package_identification:_identify(src/BehaviorTree.ROS2/btcpp_ros2_samples) by extensions ['colcon_meta']
[0.210s] Level 1:colcon.colcon_core.package_identification:_identify(src/BehaviorTree.ROS2/btcpp_ros2_samples) by extension 'colcon_meta'
[0.210s] Level 1:colcon.colcon_core.package_identification:_identify(src/BehaviorTree.ROS2/btcpp_ros2_samples) by extensions ['ros']
[0.210s] Level 1:colcon.colcon_core.package_identification:_identify(src/BehaviorTree.ROS2/btcpp_ros2_samples) by extension 'ros'
[0.210s] DEBUG:colcon.colcon_core.package_identification:Package 'src/BehaviorTree.ROS2/btcpp_ros2_samples' with type 'ros.ament_cmake' and name 'btcpp_ros2_samples'
[0.211s] Level 1:colcon.colcon_core.package_identification:_identify(src/robot_decision) by extensions ['ignore', 'ignore_ament_install']
[0.211s] Level 1:colcon.colcon_core.package_identification:_identify(src/robot_decision) by extension 'ignore'
[0.211s] Level 1:colcon.colcon_core.package_identification:_identify(src/robot_decision) by extension 'ignore_ament_install'
[0.211s] Level 1:colcon.colcon_core.package_identification:_identify(src/robot_decision) by extensions ['colcon_pkg']
[0.211s] Level 1:colcon.colcon_core.package_identification:_identify(src/robot_decision) by extension 'colcon_pkg'
[0.211s] Level 1:colcon.colcon_core.package_identification:_identify(src/robot_decision) by extensions ['colcon_meta']
[0.211s] Level 1:colcon.colcon_core.package_identification:_identify(src/robot_decision) by extension 'colcon_meta'
[0.211s] Level 1:colcon.colcon_core.package_identification:_identify(src/robot_decision) by extensions ['ros']
[0.211s] Level 1:colcon.colcon_core.package_identification:_identify(src/robot_decision) by extension 'ros'
[0.212s] DEBUG:colcon.colcon_core.package_identification:Package 'src/robot_decision' with type 'ros.ament_cmake' and name 'robot_decision'
[0.212s] Level 1:colcon.colcon_core.package_discovery:discover_packages(recursive) using defaults
[0.212s] Level 1:colcon.colcon_core.package_discovery:discover_packages(ignore) discover
[0.212s] Level 1:colcon.colcon_core.package_discovery:discover_packages(ignore) using defaults
[0.212s] Level 1:colcon.colcon_core.package_discovery:discover_packages(path) discover
[0.212s] Level 1:colcon.colcon_core.package_discovery:discover_packages(path) using defaults
[0.239s] Level 1:colcon.colcon_core.package_discovery:discover_packages(prefix_path) check parameters
[0.239s] Level 1:colcon.colcon_core.package_discovery:discover_packages(prefix_path) discover
[0.241s] DEBUG:colcon.colcon_installed_package_information.package_discovery:Found 346 installed packages in /opt/ros/humble
[0.242s] Level 1:colcon.colcon_core.package_discovery:discover_packages(prefix_path) using defaults
[0.275s] Level 5:colcon.colcon_core.verb:set package 'btcpp_ros2_interfaces' build argument 'cmake_args' from command line to 'None'
[0.275s] Level 5:colcon.colcon_core.verb:set package 'btcpp_ros2_interfaces' build argument 'cmake_target' from command line to 'None'
[0.275s] Level 5:colcon.colcon_core.verb:set package 'btcpp_ros2_interfaces' build argument 'cmake_target_skip_unavailable' from command line to 'False'
[0.275s] Level 5:colcon.colcon_core.verb:set package 'btcpp_ros2_interfaces' build argument 'cmake_clean_cache' from command line to 'False'
[0.275s] Level 5:colcon.colcon_core.verb:set package 'btcpp_ros2_interfaces' build argument 'cmake_clean_first' from command line to 'False'
[0.275s] Level 5:colcon.colcon_core.verb:set package 'btcpp_ros2_interfaces' build argument 'cmake_force_configure' from command line to 'False'
[0.275s] Level 5:colcon.colcon_core.verb:set package 'btcpp_ros2_interfaces' build argument 'ament_cmake_args' from command line to 'None'
[0.275s] Level 5:colcon.colcon_core.verb:set package 'btcpp_ros2_interfaces' build argument 'catkin_cmake_args' from command line to 'None'
[0.275s] Level 5:colcon.colcon_core.verb:set package 'btcpp_ros2_interfaces' build argument 'catkin_skip_building_tests' from command line to 'False'
[0.275s] DEBUG:colcon.colcon_core.verb:Building package 'btcpp_ros2_interfaces' with the following arguments: {'ament_cmake_args': None, 'build_base': '/home/aurora/pnx_decision/build/btcpp_ros2_interfaces', 'catkin_cmake_args': None, 'catkin_skip_building_tests': False, 'cmake_args': None, 'cmake_clean_cache': False, 'cmake_clean_first': False, 'cmake_force_configure': False, 'cmake_target': None, 'cmake_target_skip_unavailable': False, 'install_base': '/home/aurora/pnx_decision/install/btcpp_ros2_interfaces', 'merge_install': False, 'path': '/home/aurora/pnx_decision/src/BehaviorTree.ROS2/btcpp_ros2_interfaces', 'symlink_install': True, 'test_result_base': None}
[0.276s] Level 5:colcon.colcon_core.verb:set package 'behaviortree_ros2' build argument 'cmake_args' from command line to 'None'
[0.276s] Level 5:colcon.colcon_core.verb:set package 'behaviortree_ros2' build argument 'cmake_target' from command line to 'None'
[0.276s] Level 5:colcon.colcon_core.verb:set package 'behaviortree_ros2' build argument 'cmake_target_skip_unavailable' from command line to 'False'
[0.276s] Level 5:colcon.colcon_core.verb:set package 'behaviortree_ros2' build argument 'cmake_clean_cache' from command line to 'False'
[0.276s] Level 5:colcon.colcon_core.verb:set package 'behaviortree_ros2' build argument 'cmake_clean_first' from command line to 'False'
[0.276s] Level 5:colcon.colcon_core.verb:set package 'behaviortree_ros2' build argument 'cmake_force_configure' from command line to 'False'
[0.276s] Level 5:colcon.colcon_core.verb:set package 'behaviortree_ros2' build argument 'ament_cmake_args' from command line to 'None'
[0.276s] Level 5:colcon.colcon_core.verb:set package 'behaviortree_ros2' build argument 'catkin_cmake_args' from command line to 'None'
[0.276s] Level 5:colcon.colcon_core.verb:set package 'behaviortree_ros2' build argument 'catkin_skip_building_tests' from command line to 'False'
[0.276s] DEBUG:colcon.colcon_core.verb:Building package 'behaviortree_ros2' with the following arguments: {'ament_cmake_args': None, 'build_base': '/home/aurora/pnx_decision/build/behaviortree_ros2', 'catkin_cmake_args': None, 'catkin_skip_building_tests': False, 'cmake_args': None, 'cmake_clean_cache': False, 'cmake_clean_first': False, 'cmake_force_configure': False, 'cmake_target': None, 'cmake_target_skip_unavailable': False, 'install_base': '/home/aurora/pnx_decision/install/behaviortree_ros2', 'merge_install': False, 'path': '/home/aurora/pnx_decision/src/BehaviorTree.ROS2/behaviortree_ros2', 'symlink_install': True, 'test_result_base': None}
[0.276s] Level 5:colcon.colcon_core.verb:set package 'btcpp_ros2_samples' build argument 'cmake_args' from command line to 'None'
[0.276s] Level 5:colcon.colcon_core.verb:set package 'btcpp_ros2_samples' build argument 'cmake_target' from command line to 'None'
[0.276s] Level 5:colcon.colcon_core.verb:set package 'btcpp_ros2_samples' build argument 'cmake_target_skip_unavailable' from command line to 'False'
[0.276s] Level 5:colcon.colcon_core.verb:set package 'btcpp_ros2_samples' build argument 'cmake_clean_cache' from command line to 'False'
[0.276s] Level 5:colcon.colcon_core.verb:set package 'btcpp_ros2_samples' build argument 'cmake_clean_first' from command line to 'False'
[0.276s] Level 5:colcon.colcon_core.verb:set package 'btcpp_ros2_samples' build argument 'cmake_force_configure' from command line to 'False'
[0.276s] Level 5:colcon.colcon_core.verb:set package 'btcpp_ros2_samples' build argument 'ament_cmake_args' from command line to 'None'
[0.276s] Level 5:colcon.colcon_core.verb:set package 'btcpp_ros2_samples' build argument 'catkin_cmake_args' from command line to 'None'
[0.276s] Level 5:colcon.colcon_core.verb:set package 'btcpp_ros2_samples' build argument 'catkin_skip_building_tests' from command line to 'False'
[0.276s] DEBUG:colcon.colcon_core.verb:Building package 'btcpp_ros2_samples' with the following arguments: {'ament_cmake_args': None, 'build_base': '/home/aurora/pnx_decision/build/btcpp_ros2_samples', 'catkin_cmake_args': None, 'catkin_skip_building_tests': False, 'cmake_args': None, 'cmake_clean_cache': False, 'cmake_clean_first': False, 'cmake_force_configure': False, 'cmake_target': None, 'cmake_target_skip_unavailable': False, 'install_base': '/home/aurora/pnx_decision/install/btcpp_ros2_samples', 'merge_install': False, 'path': '/home/aurora/pnx_decision/src/BehaviorTree.ROS2/btcpp_ros2_samples', 'symlink_install': True, 'test_result_base': None}
[0.277s] Level 5:colcon.colcon_core.verb:set package 'robot_decision' build argument 'cmake_args' from command line to 'None'
[0.277s] Level 5:colcon.colcon_core.verb:set package 'robot_decision' build argument 'cmake_target' from command line to 'None'
[0.277s] Level 5:colcon.colcon_core.verb:set package 'robot_decision' build argument 'cmake_target_skip_unavailable' from command line to 'False'
[0.277s] Level 5:colcon.colcon_core.verb:set package 'robot_decision' build argument 'cmake_clean_cache' from command line to 'False'
[0.277s] Level 5:colcon.colcon_core.verb:set package 'robot_decision' build argument 'cmake_clean_first' from command line to 'False'
[0.277s] Level 5:colcon.colcon_core.verb:set package 'robot_decision' build argument 'cmake_force_configure' from command line to 'False'
[0.277s] Level 5:colcon.colcon_core.verb:set package 'robot_decision' build argument 'ament_cmake_args' from command line to 'None'
[0.277s] Level 5:colcon.colcon_core.verb:set package 'robot_decision' build argument 'catkin_cmake_args' from command line to 'None'
[0.277s] Level 5:colcon.colcon_core.verb:set package 'robot_decision' build argument 'catkin_skip_building_tests' from command line to 'False'
[0.277s] DEBUG:colcon.colcon_core.verb:Building package 'robot_decision' with the following arguments: {'ament_cmake_args': None, 'build_base': '/home/aurora/pnx_decision/build/robot_decision', 'catkin_cmake_args': None, 'catkin_skip_building_tests': False, 'cmake_args': None, 'cmake_clean_cache': False, 'cmake_clean_first': False, 'cmake_force_configure': False, 'cmake_target': None, 'cmake_target_skip_unavailable': False, 'install_base': '/home/aurora/pnx_decision/install/robot_decision', 'merge_install': False, 'path': '/home/aurora/pnx_decision/src/robot_decision', 'symlink_install': True, 'test_result_base': None}
[0.277s] INFO:colcon.colcon_core.executor:Executing jobs using 'parallel' executor
[0.278s] DEBUG:colcon.colcon_parallel_executor.executor.parallel:run_until_complete
[0.278s] INFO:colcon.colcon_ros.task.ament_cmake.build:Building ROS package in '/home/aurora/pnx_decision/src/BehaviorTree.ROS2/btcpp_ros2_interfaces' with build type 'ament_cmake'
[0.278s] INFO:colcon.colcon_cmake.task.cmake.build:Building CMake package in '/home/aurora/pnx_decision/src/BehaviorTree.ROS2/btcpp_ros2_interfaces'
[0.280s] INFO:colcon.colcon_core.plugin_system:Skipping extension 'colcon_core.shell.bat': Not used on non-Windows systems
[0.280s] INFO:colcon.colcon_core.shell:Skip shell extension 'powershell' for command environment: Not usable outside of PowerShell
[0.280s] DEBUG:colcon.colcon_core.shell:Skip shell extension 'dsv' for command environment
[0.289s] DEBUG:colcon.colcon_core.event_handler.log_command:Invoking command in '/home/aurora/pnx_decision/build/btcpp_ros2_interfaces': CMAKE_PREFIX_PATH=/opt/ros/humble _=/usr/bin/env /usr/bin/cmake /home/aurora/pnx_decision/src/BehaviorTree.ROS2/btcpp_ros2_interfaces -DAMENT_CMAKE_SYMLINK_INSTALL=1 -DCMAKE_INSTALL_PREFIX=/home/aurora/pnx_decision/install/btcpp_ros2_interfaces
[1.308s] DEBUG:colcon.colcon_core.event_handler.log_command:Invoked command in '/home/aurora/pnx_decision/build/btcpp_ros2_interfaces' returned '0': CMAKE_PREFIX_PATH=/opt/ros/humble _=/usr/bin/env /usr/bin/cmake /home/aurora/pnx_decision/src/BehaviorTree.ROS2/btcpp_ros2_interfaces -DAMENT_CMAKE_SYMLINK_INSTALL=1 -DCMAKE_INSTALL_PREFIX=/home/aurora/pnx_decision/install/btcpp_ros2_interfaces
[1.308s] DEBUG:colcon.colcon_core.event_handler.log_command:Invoking command in '/home/aurora/pnx_decision/build/btcpp_ros2_interfaces': CMAKE_PREFIX_PATH=/opt/ros/humble _=/usr/bin/env /usr/bin/cmake --build /home/aurora/pnx_decision/build/btcpp_ros2_interfaces -- -j16 -l16
[3.987s] DEBUG:colcon.colcon_core.event_handler.log_command:Invoked command in '/home/aurora/pnx_decision/build/btcpp_ros2_interfaces' returned '0': CMAKE_PREFIX_PATH=/opt/ros/humble _=/usr/bin/env /usr/bin/cmake --build /home/aurora/pnx_decision/build/btcpp_ros2_interfaces -- -j16 -l16
[3.996s] DEBUG:colcon.colcon_core.event_handler.log_command:Invoking command in '/home/aurora/pnx_decision/build/btcpp_ros2_interfaces': CMAKE_PREFIX_PATH=/opt/ros/humble _=/usr/bin/env /usr/bin/cmake --install /home/aurora/pnx_decision/build/btcpp_ros2_interfaces
[4.734s] Level 1:colcon.colcon_core.environment:create_environment_scripts_only(btcpp_ros2_interfaces)
[4.735s] DEBUG:colcon.colcon_core.event_handler.log_command:Invoked command in '/home/aurora/pnx_decision/build/btcpp_ros2_interfaces' returned '0': CMAKE_PREFIX_PATH=/opt/ros/humble _=/usr/bin/env /usr/bin/cmake --install /home/aurora/pnx_decision/build/btcpp_ros2_interfaces
[4.736s] Level 1:colcon.colcon_core.environment:checking '/home/aurora/pnx_decision/install/btcpp_ros2_interfaces' for CMake module files
[4.736s] Level 1:colcon.colcon_core.environment:checking '/home/aurora/pnx_decision/install/btcpp_ros2_interfaces' for CMake config files
[4.736s] Level 1:colcon.colcon_core.shell:create_environment_hook('btcpp_ros2_interfaces', 'cmake_prefix_path')
[4.737s] INFO:colcon.colcon_core.shell:Creating environment hook '/home/aurora/pnx_decision/install/btcpp_ros2_interfaces/share/btcpp_ros2_interfaces/hook/cmake_prefix_path.ps1'
[4.737s] INFO:colcon.colcon_core.shell:Creating environment descriptor '/home/aurora/pnx_decision/install/btcpp_ros2_interfaces/share/btcpp_ros2_interfaces/hook/cmake_prefix_path.dsv'
[4.737s] INFO:colcon.colcon_core.shell:Creating environment hook '/home/aurora/pnx_decision/install/btcpp_ros2_interfaces/share/btcpp_ros2_interfaces/hook/cmake_prefix_path.sh'
[4.738s] Level 1:colcon.colcon_core.environment:checking '/home/aurora/pnx_decision/install/btcpp_ros2_interfaces/lib'
[4.738s] Level 1:colcon.colcon_core.shell:create_environment_hook('btcpp_ros2_interfaces', 'ld_library_path_lib')
[4.738s] INFO:colcon.colcon_core.shell:Creating environment hook '/home/aurora/pnx_decision/install/btcpp_ros2_interfaces/share/btcpp_ros2_interfaces/hook/ld_library_path_lib.ps1'
[4.738s] INFO:colcon.colcon_core.shell:Creating environment descriptor '/home/aurora/pnx_decision/install/btcpp_ros2_interfaces/share/btcpp_ros2_interfaces/hook/ld_library_path_lib.dsv'
[4.738s] INFO:colcon.colcon_core.shell:Creating environment hook '/home/aurora/pnx_decision/install/btcpp_ros2_interfaces/share/btcpp_ros2_interfaces/hook/ld_library_path_lib.sh'
[4.738s] Level 1:colcon.colcon_core.environment:checking '/home/aurora/pnx_decision/install/btcpp_ros2_interfaces/bin'
[4.738s] Level 1:colcon.colcon_core.environment:checking '/home/aurora/pnx_decision/install/btcpp_ros2_interfaces/lib/pkgconfig/btcpp_ros2_interfaces.pc'
[4.738s] Level 1:colcon.colcon_core.environment:checking '/home/aurora/pnx_decision/install/btcpp_ros2_interfaces/lib/python3.10/site-packages'
[4.738s] Level 1:colcon.colcon_core.environment:checking '/home/aurora/pnx_decision/install/btcpp_ros2_interfaces/bin'
[4.739s] INFO:colcon.colcon_core.shell:Creating package script '/home/aurora/pnx_decision/install/btcpp_ros2_interfaces/share/btcpp_ros2_interfaces/package.ps1'
[4.739s] INFO:colcon.colcon_core.shell:Creating package descriptor '/home/aurora/pnx_decision/install/btcpp_ros2_interfaces/share/btcpp_ros2_interfaces/package.dsv'
[4.739s] INFO:colcon.colcon_core.shell:Creating package script '/home/aurora/pnx_decision/install/btcpp_ros2_interfaces/share/btcpp_ros2_interfaces/package.sh'
[4.740s] INFO:colcon.colcon_core.shell:Creating package script '/home/aurora/pnx_decision/install/btcpp_ros2_interfaces/share/btcpp_ros2_interfaces/package.bash'
[4.740s] INFO:colcon.colcon_core.shell:Creating package script '/home/aurora/pnx_decision/install/btcpp_ros2_interfaces/share/btcpp_ros2_interfaces/package.zsh'
[4.740s] Level 1:colcon.colcon_core.environment:create_file_with_runtime_dependencies(/home/aurora/pnx_decision/install/btcpp_ros2_interfaces/share/colcon-core/packages/btcpp_ros2_interfaces)
[4.741s] Level 1:colcon.colcon_core.environment:create_environment_scripts_only(btcpp_ros2_interfaces)
[4.741s] Level 1:colcon.colcon_core.environment:checking '/home/aurora/pnx_decision/install/btcpp_ros2_interfaces' for CMake module files
[4.741s] Level 1:colcon.colcon_core.environment:checking '/home/aurora/pnx_decision/install/btcpp_ros2_interfaces' for CMake config files
[4.741s] Level 1:colcon.colcon_core.shell:create_environment_hook('btcpp_ros2_interfaces', 'cmake_prefix_path')
[4.741s] INFO:colcon.colcon_core.shell:Creating environment hook '/home/aurora/pnx_decision/install/btcpp_ros2_interfaces/share/btcpp_ros2_interfaces/hook/cmake_prefix_path.ps1'
[4.742s] INFO:colcon.colcon_core.shell:Creating environment descriptor '/home/aurora/pnx_decision/install/btcpp_ros2_interfaces/share/btcpp_ros2_interfaces/hook/cmake_prefix_path.dsv'
[4.742s] INFO:colcon.colcon_core.shell:Creating environment hook '/home/aurora/pnx_decision/install/btcpp_ros2_interfaces/share/btcpp_ros2_interfaces/hook/cmake_prefix_path.sh'
[4.742s] Level 1:colcon.colcon_core.environment:checking '/home/aurora/pnx_decision/install/btcpp_ros2_interfaces/lib'
[4.742s] Level 1:colcon.colcon_core.shell:create_environment_hook('btcpp_ros2_interfaces', 'ld_library_path_lib')
[4.742s] INFO:colcon.colcon_core.shell:Creating environment hook '/home/aurora/pnx_decision/install/btcpp_ros2_interfaces/share/btcpp_ros2_interfaces/hook/ld_library_path_lib.ps1'
[4.742s] INFO:colcon.colcon_core.shell:Creating environment descriptor '/home/aurora/pnx_decision/install/btcpp_ros2_interfaces/share/btcpp_ros2_interfaces/hook/ld_library_path_lib.dsv'
[4.743s] INFO:colcon.colcon_core.shell:Creating environment hook '/home/aurora/pnx_decision/install/btcpp_ros2_interfaces/share/btcpp_ros2_interfaces/hook/ld_library_path_lib.sh'
[4.743s] Level 1:colcon.colcon_core.environment:checking '/home/aurora/pnx_decision/install/btcpp_ros2_interfaces/bin'
[4.743s] Level 1:colcon.colcon_core.environment:checking '/home/aurora/pnx_decision/install/btcpp_ros2_interfaces/lib/pkgconfig/btcpp_ros2_interfaces.pc'
[4.743s] Level 1:colcon.colcon_core.environment:checking '/home/aurora/pnx_decision/install/btcpp_ros2_interfaces/lib/python3.10/site-packages'
[4.743s] Level 1:colcon.colcon_core.environment:checking '/home/aurora/pnx_decision/install/btcpp_ros2_interfaces/bin'
[4.743s] INFO:colcon.colcon_core.shell:Creating package script '/home/aurora/pnx_decision/install/btcpp_ros2_interfaces/share/btcpp_ros2_interfaces/package.ps1'
[4.743s] INFO:colcon.colcon_core.shell:Creating package descriptor '/home/aurora/pnx_decision/install/btcpp_ros2_interfaces/share/btcpp_ros2_interfaces/package.dsv'
[4.744s] INFO:colcon.colcon_core.shell:Creating package script '/home/aurora/pnx_decision/install/btcpp_ros2_interfaces/share/btcpp_ros2_interfaces/package.sh'
[4.744s] INFO:colcon.colcon_core.shell:Creating package script '/home/aurora/pnx_decision/install/btcpp_ros2_interfaces/share/btcpp_ros2_interfaces/package.bash'
[4.744s] INFO:colcon.colcon_core.shell:Creating package script '/home/aurora/pnx_decision/install/btcpp_ros2_interfaces/share/btcpp_ros2_interfaces/package.zsh'
[4.744s] Level 1:colcon.colcon_core.environment:create_file_with_runtime_dependencies(/home/aurora/pnx_decision/install/btcpp_ros2_interfaces/share/colcon-core/packages/btcpp_ros2_interfaces)
[4.744s] INFO:colcon.colcon_ros.task.ament_cmake.build:Building ROS package in '/home/aurora/pnx_decision/src/BehaviorTree.ROS2/behaviortree_ros2' with build type 'ament_cmake'
[4.745s] INFO:colcon.colcon_cmake.task.cmake.build:Building CMake package in '/home/aurora/pnx_decision/src/BehaviorTree.ROS2/behaviortree_ros2'
[4.745s] INFO:colcon.colcon_core.shell:Skip shell extension 'powershell' for command environment: Not usable outside of PowerShell
[4.745s] DEBUG:colcon.colcon_core.shell:Skip shell extension 'dsv' for command environment
[4.754s] DEBUG:colcon.colcon_core.event_handler.log_command:Invoking command in '/home/aurora/pnx_decision/build/behaviortree_ros2': AMENT_PREFIX_PATH=/home/aurora/pnx_decision/install/btcpp_ros2_interfaces:${AMENT_PREFIX_PATH} CMAKE_PREFIX_PATH=/home/aurora/pnx_decision/install/btcpp_ros2_interfaces:/opt/ros/humble LD_LIBRARY_PATH=/home/aurora/pnx_decision/install/btcpp_ros2_interfaces/lib:/usr/lib/x86_64-linux-gnu/gazebo-11/plugins:/opt/ros/humble/opt/rviz_ogre_vendor/lib:/opt/ros/humble/lib/x86_64-linux-gnu:/opt/ros/humble/opt/openvdb_vendor/lib:/opt/ros/humble/lib:/usr/lib/x86_64-linux-gnu:/usr/local/lib:/usr/lib/x86_64-linux-gnu:/usr/local/lib PYTHONPATH=/home/aurora/pnx_decision/install/btcpp_ros2_interfaces/local/lib/python3.10/dist-packages:${PYTHONPATH} _=/usr/bin/env /usr/bin/cmake /home/aurora/pnx_decision/src/BehaviorTree.ROS2/behaviortree_ros2 -DAMENT_CMAKE_SYMLINK_INSTALL=1 -DCMAKE_INSTALL_PREFIX=/home/aurora/pnx_decision/install/behaviortree_ros2
[5.580s] DEBUG:colcon.colcon_core.event_handler.log_command:Invoked command in '/home/aurora/pnx_decision/build/behaviortree_ros2' returned '0': AMENT_PREFIX_PATH=/home/aurora/pnx_decision/install/btcpp_ros2_interfaces:${AMENT_PREFIX_PATH} CMAKE_PREFIX_PATH=/home/aurora/pnx_decision/install/btcpp_ros2_interfaces:/opt/ros/humble LD_LIBRARY_PATH=/home/aurora/pnx_decision/install/btcpp_ros2_interfaces/lib:/usr/lib/x86_64-linux-gnu/gazebo-11/plugins:/opt/ros/humble/opt/rviz_ogre_vendor/lib:/opt/ros/humble/lib/x86_64-linux-gnu:/opt/ros/humble/opt/openvdb_vendor/lib:/opt/ros/humble/lib:/usr/lib/x86_64-linux-gnu:/usr/local/lib:/usr/lib/x86_64-linux-gnu:/usr/local/lib PYTHONPATH=/home/aurora/pnx_decision/install/btcpp_ros2_interfaces/local/lib/python3.10/dist-packages:${PYTHONPATH} _=/usr/bin/env /usr/bin/cmake /home/aurora/pnx_decision/src/BehaviorTree.ROS2/behaviortree_ros2 -DAMENT_CMAKE_SYMLINK_INSTALL=1 -DCMAKE_INSTALL_PREFIX=/home/aurora/pnx_decision/install/behaviortree_ros2
[5.582s] DEBUG:colcon.colcon_core.event_handler.log_command:Invoking command in '/home/aurora/pnx_decision/build/behaviortree_ros2': AMENT_PREFIX_PATH=/home/aurora/pnx_decision/install/btcpp_ros2_interfaces:${AMENT_PREFIX_PATH} CMAKE_PREFIX_PATH=/home/aurora/pnx_decision/install/btcpp_ros2_interfaces:/opt/ros/humble LD_LIBRARY_PATH=/home/aurora/pnx_decision/install/btcpp_ros2_interfaces/lib:/usr/lib/x86_64-linux-gnu/gazebo-11/plugins:/opt/ros/humble/opt/rviz_ogre_vendor/lib:/opt/ros/humble/lib/x86_64-linux-gnu:/opt/ros/humble/opt/openvdb_vendor/lib:/opt/ros/humble/lib:/usr/lib/x86_64-linux-gnu:/usr/local/lib:/usr/lib/x86_64-linux-gnu:/usr/local/lib PYTHONPATH=/home/aurora/pnx_decision/install/btcpp_ros2_interfaces/local/lib/python3.10/dist-packages:${PYTHONPATH} _=/usr/bin/env /usr/bin/cmake --build /home/aurora/pnx_decision/build/behaviortree_ros2 -- -j16 -l16
[10.181s] DEBUG:colcon.colcon_core.event_handler.log_command:Invoked command in '/home/aurora/pnx_decision/build/behaviortree_ros2' returned '0': AMENT_PREFIX_PATH=/home/aurora/pnx_decision/install/btcpp_ros2_interfaces:${AMENT_PREFIX_PATH} CMAKE_PREFIX_PATH=/home/aurora/pnx_decision/install/btcpp_ros2_interfaces:/opt/ros/humble LD_LIBRARY_PATH=/home/aurora/pnx_decision/install/btcpp_ros2_interfaces/lib:/usr/lib/x86_64-linux-gnu/gazebo-11/plugins:/opt/ros/humble/opt/rviz_ogre_vendor/lib:/opt/ros/humble/lib/x86_64-linux-gnu:/opt/ros/humble/opt/openvdb_vendor/lib:/opt/ros/humble/lib:/usr/lib/x86_64-linux-gnu:/usr/local/lib:/usr/lib/x86_64-linux-gnu:/usr/local/lib PYTHONPATH=/home/aurora/pnx_decision/install/btcpp_ros2_interfaces/local/lib/python3.10/dist-packages:${PYTHONPATH} _=/usr/bin/env /usr/bin/cmake --build /home/aurora/pnx_decision/build/behaviortree_ros2 -- -j16 -l16
[10.183s] DEBUG:colcon.colcon_core.event_handler.log_command:Invoking command in '/home/aurora/pnx_decision/build/behaviortree_ros2': AMENT_PREFIX_PATH=/home/aurora/pnx_decision/install/btcpp_ros2_interfaces:${AMENT_PREFIX_PATH} CMAKE_PREFIX_PATH=/home/aurora/pnx_decision/install/btcpp_ros2_interfaces:/opt/ros/humble LD_LIBRARY_PATH=/home/aurora/pnx_decision/install/btcpp_ros2_interfaces/lib:/usr/lib/x86_64-linux-gnu/gazebo-11/plugins:/opt/ros/humble/opt/rviz_ogre_vendor/lib:/opt/ros/humble/lib/x86_64-linux-gnu:/opt/ros/humble/opt/openvdb_vendor/lib:/opt/ros/humble/lib:/usr/lib/x86_64-linux-gnu:/usr/local/lib:/usr/lib/x86_64-linux-gnu:/usr/local/lib PYTHONPATH=/home/aurora/pnx_decision/install/btcpp_ros2_interfaces/local/lib/python3.10/dist-packages:${PYTHONPATH} _=/usr/bin/env /usr/bin/cmake --install /home/aurora/pnx_decision/build/behaviortree_ros2
[10.406s] Level 1:colcon.colcon_core.environment:create_environment_scripts_only(behaviortree_ros2)
[10.407s] Level 1:colcon.colcon_core.environment:checking '/home/aurora/pnx_decision/install/behaviortree_ros2' for CMake module files
[10.407s] DEBUG:colcon.colcon_core.event_handler.log_command:Invoked command in '/home/aurora/pnx_decision/build/behaviortree_ros2' returned '0': AMENT_PREFIX_PATH=/home/aurora/pnx_decision/install/btcpp_ros2_interfaces:${AMENT_PREFIX_PATH} CMAKE_PREFIX_PATH=/home/aurora/pnx_decision/install/btcpp_ros2_interfaces:/opt/ros/humble LD_LIBRARY_PATH=/home/aurora/pnx_decision/install/btcpp_ros2_interfaces/lib:/usr/lib/x86_64-linux-gnu/gazebo-11/plugins:/opt/ros/humble/opt/rviz_ogre_vendor/lib:/opt/ros/humble/lib/x86_64-linux-gnu:/opt/ros/humble/opt/openvdb_vendor/lib:/opt/ros/humble/lib:/usr/lib/x86_64-linux-gnu:/usr/local/lib:/usr/lib/x86_64-linux-gnu:/usr/local/lib PYTHONPATH=/home/aurora/pnx_decision/install/btcpp_ros2_interfaces/local/lib/python3.10/dist-packages:${PYTHONPATH} _=/usr/bin/env /usr/bin/cmake --install /home/aurora/pnx_decision/build/behaviortree_ros2
[10.408s] Level 1:colcon.colcon_core.environment:checking '/home/aurora/pnx_decision/install/behaviortree_ros2' for CMake config files
[10.408s] Level 1:colcon.colcon_core.shell:create_environment_hook('behaviortree_ros2', 'cmake_prefix_path')
[10.408s] INFO:colcon.colcon_core.shell:Creating environment hook '/home/aurora/pnx_decision/install/behaviortree_ros2/share/behaviortree_ros2/hook/cmake_prefix_path.ps1'
[10.408s] INFO:colcon.colcon_core.shell:Creating environment descriptor '/home/aurora/pnx_decision/install/behaviortree_ros2/share/behaviortree_ros2/hook/cmake_prefix_path.dsv'
[10.408s] INFO:colcon.colcon_core.shell:Creating environment hook '/home/aurora/pnx_decision/install/behaviortree_ros2/share/behaviortree_ros2/hook/cmake_prefix_path.sh'
[10.409s] Level 1:colcon.colcon_core.environment:checking '/home/aurora/pnx_decision/install/behaviortree_ros2/lib'
[10.409s] Level 1:colcon.colcon_core.environment:checking '/home/aurora/pnx_decision/install/behaviortree_ros2/bin'
[10.409s] Level 1:colcon.colcon_core.environment:checking '/home/aurora/pnx_decision/install/behaviortree_ros2/lib/pkgconfig/behaviortree_ros2.pc'
[10.409s] Level 1:colcon.colcon_core.environment:checking '/home/aurora/pnx_decision/install/behaviortree_ros2/lib/python3.10/site-packages'
[10.409s] Level 1:colcon.colcon_core.environment:checking '/home/aurora/pnx_decision/install/behaviortree_ros2/bin'
[10.409s] INFO:colcon.colcon_core.shell:Creating package script '/home/aurora/pnx_decision/install/behaviortree_ros2/share/behaviortree_ros2/package.ps1'
[10.409s] INFO:colcon.colcon_core.shell:Creating package descriptor '/home/aurora/pnx_decision/install/behaviortree_ros2/share/behaviortree_ros2/package.dsv'
[10.409s] INFO:colcon.colcon_core.shell:Creating package script '/home/aurora/pnx_decision/install/behaviortree_ros2/share/behaviortree_ros2/package.sh'
[10.410s] INFO:colcon.colcon_core.shell:Creating package script '/home/aurora/pnx_decision/install/behaviortree_ros2/share/behaviortree_ros2/package.bash'
[10.410s] INFO:colcon.colcon_core.shell:Creating package script '/home/aurora/pnx_decision/install/behaviortree_ros2/share/behaviortree_ros2/package.zsh'
[10.410s] Level 1:colcon.colcon_core.environment:create_file_with_runtime_dependencies(/home/aurora/pnx_decision/install/behaviortree_ros2/share/colcon-core/packages/behaviortree_ros2)
[10.410s] Level 1:colcon.colcon_core.environment:create_environment_scripts_only(behaviortree_ros2)
[10.410s] Level 1:colcon.colcon_core.environment:checking '/home/aurora/pnx_decision/install/behaviortree_ros2' for CMake module files
[10.411s] Level 1:colcon.colcon_core.environment:checking '/home/aurora/pnx_decision/install/behaviortree_ros2' for CMake config files
[10.411s] Level 1:colcon.colcon_core.shell:create_environment_hook('behaviortree_ros2', 'cmake_prefix_path')
[10.411s] INFO:colcon.colcon_core.shell:Creating environment hook '/home/aurora/pnx_decision/install/behaviortree_ros2/share/behaviortree_ros2/hook/cmake_prefix_path.ps1'
[10.411s] INFO:colcon.colcon_core.shell:Creating environment descriptor '/home/aurora/pnx_decision/install/behaviortree_ros2/share/behaviortree_ros2/hook/cmake_prefix_path.dsv'
[10.411s] INFO:colcon.colcon_core.shell:Creating environment hook '/home/aurora/pnx_decision/install/behaviortree_ros2/share/behaviortree_ros2/hook/cmake_prefix_path.sh'
[10.412s] Level 1:colcon.colcon_core.environment:checking '/home/aurora/pnx_decision/install/behaviortree_ros2/lib'
[10.412s] Level 1:colcon.colcon_core.environment:checking '/home/aurora/pnx_decision/install/behaviortree_ros2/bin'
[10.412s] Level 1:colcon.colcon_core.environment:checking '/home/aurora/pnx_decision/install/behaviortree_ros2/lib/pkgconfig/behaviortree_ros2.pc'
[10.412s] Level 1:colcon.colcon_core.environment:checking '/home/aurora/pnx_decision/install/behaviortree_ros2/lib/python3.10/site-packages'
[10.412s] Level 1:colcon.colcon_core.environment:checking '/home/aurora/pnx_decision/install/behaviortree_ros2/bin'
[10.412s] INFO:colcon.colcon_core.shell:Creating package script '/home/aurora/pnx_decision/install/behaviortree_ros2/share/behaviortree_ros2/package.ps1'
[10.412s] INFO:colcon.colcon_core.shell:Creating package descriptor '/home/aurora/pnx_decision/install/behaviortree_ros2/share/behaviortree_ros2/package.dsv'
[10.412s] INFO:colcon.colcon_core.shell:Creating package script '/home/aurora/pnx_decision/install/behaviortree_ros2/share/behaviortree_ros2/package.sh'
[10.413s] INFO:colcon.colcon_core.shell:Creating package script '/home/aurora/pnx_decision/install/behaviortree_ros2/share/behaviortree_ros2/package.bash'
[10.413s] INFO:colcon.colcon_core.shell:Creating package script '/home/aurora/pnx_decision/install/behaviortree_ros2/share/behaviortree_ros2/package.zsh'
[10.413s] Level 1:colcon.colcon_core.environment:create_file_with_runtime_dependencies(/home/aurora/pnx_decision/install/behaviortree_ros2/share/colcon-core/packages/behaviortree_ros2)
[10.413s] INFO:colcon.colcon_ros.task.ament_cmake.build:Building ROS package in '/home/aurora/pnx_decision/src/BehaviorTree.ROS2/btcpp_ros2_samples' with build type 'ament_cmake'
[10.413s] INFO:colcon.colcon_cmake.task.cmake.build:Building CMake package in '/home/aurora/pnx_decision/src/BehaviorTree.ROS2/btcpp_ros2_samples'
[10.413s] INFO:colcon.colcon_core.shell:Skip shell extension 'powershell' for command environment: Not usable outside of PowerShell
[10.413s] DEBUG:colcon.colcon_core.shell:Skip shell extension 'dsv' for command environment
[10.415s] INFO:colcon.colcon_ros.task.ament_cmake.build:Building ROS package in '/home/aurora/pnx_decision/src/robot_decision' with build type 'ament_cmake'
[10.416s] INFO:colcon.colcon_cmake.task.cmake.build:Building CMake package in '/home/aurora/pnx_decision/src/robot_decision'
[10.416s] INFO:colcon.colcon_core.shell:Skip shell extension 'powershell' for command environment: Not usable outside of PowerShell
[10.416s] DEBUG:colcon.colcon_core.shell:Skip shell extension 'dsv' for command environment
[10.426s] DEBUG:colcon.colcon_core.event_handler.log_command:Invoking command in '/home/aurora/pnx_decision/build/btcpp_ros2_samples': AMENT_PREFIX_PATH=/home/aurora/pnx_decision/install/behaviortree_ros2:/home/aurora/pnx_decision/install/btcpp_ros2_interfaces:${AMENT_PREFIX_PATH} CMAKE_PREFIX_PATH=/home/aurora/pnx_decision/install/behaviortree_ros2:/home/aurora/pnx_decision/install/btcpp_ros2_interfaces:/opt/ros/humble LD_LIBRARY_PATH=/home/aurora/pnx_decision/install/behaviortree_ros2/lib:/home/aurora/pnx_decision/install/btcpp_ros2_interfaces/lib:/usr/lib/x86_64-linux-gnu/gazebo-11/plugins:/opt/ros/humble/opt/rviz_ogre_vendor/lib:/opt/ros/humble/lib/x86_64-linux-gnu:/opt/ros/humble/opt/openvdb_vendor/lib:/opt/ros/humble/lib:/usr/lib/x86_64-linux-gnu:/usr/local/lib:/usr/lib/x86_64-linux-gnu:/usr/local/lib PYTHONPATH=/home/aurora/pnx_decision/install/btcpp_ros2_interfaces/local/lib/python3.10/dist-packages:${PYTHONPATH} _=/usr/bin/env /usr/bin/cmake /home/aurora/pnx_decision/src/BehaviorTree.ROS2/btcpp_ros2_samples -DAMENT_CMAKE_SYMLINK_INSTALL=1 -DCMAKE_INSTALL_PREFIX=/home/aurora/pnx_decision/install/btcpp_ros2_samples
[10.428s] DEBUG:colcon.colcon_core.event_handler.log_command:Invoking command in '/home/aurora/pnx_decision/build/robot_decision': AMENT_PREFIX_PATH=/home/aurora/pnx_decision/install/behaviortree_ros2:/home/aurora/pnx_decision/install/btcpp_ros2_interfaces:${AMENT_PREFIX_PATH} CMAKE_PREFIX_PATH=/home/aurora/pnx_decision/install/behaviortree_ros2:/home/aurora/pnx_decision/install/btcpp_ros2_interfaces:/opt/ros/humble LD_LIBRARY_PATH=/home/aurora/pnx_decision/install/behaviortree_ros2/lib:/home/aurora/pnx_decision/install/btcpp_ros2_interfaces/lib:/usr/lib/x86_64-linux-gnu/gazebo-11/plugins:/opt/ros/humble/opt/rviz_ogre_vendor/lib:/opt/ros/humble/lib/x86_64-linux-gnu:/opt/ros/humble/opt/openvdb_vendor/lib:/opt/ros/humble/lib:/usr/lib/x86_64-linux-gnu:/usr/local/lib:/usr/lib/x86_64-linux-gnu:/usr/local/lib PYTHONPATH=/home/aurora/pnx_decision/install/btcpp_ros2_interfaces/local/lib/python3.10/dist-packages:${PYTHONPATH} _=/usr/bin/env /usr/bin/cmake /home/aurora/pnx_decision/src/robot_decision -DAMENT_CMAKE_SYMLINK_INSTALL=1 -DCMAKE_INSTALL_PREFIX=/home/aurora/pnx_decision/install/robot_decision
[11.321s] DEBUG:colcon.colcon_core.event_handler.log_command:Invoked command in '/home/aurora/pnx_decision/build/btcpp_ros2_samples' returned '0': AMENT_PREFIX_PATH=/home/aurora/pnx_decision/install/behaviortree_ros2:/home/aurora/pnx_decision/install/btcpp_ros2_interfaces:${AMENT_PREFIX_PATH} CMAKE_PREFIX_PATH=/home/aurora/pnx_decision/install/behaviortree_ros2:/home/aurora/pnx_decision/install/btcpp_ros2_interfaces:/opt/ros/humble LD_LIBRARY_PATH=/home/aurora/pnx_decision/install/behaviortree_ros2/lib:/home/aurora/pnx_decision/install/btcpp_ros2_interfaces/lib:/usr/lib/x86_64-linux-gnu/gazebo-11/plugins:/opt/ros/humble/opt/rviz_ogre_vendor/lib:/opt/ros/humble/lib/x86_64-linux-gnu:/opt/ros/humble/opt/openvdb_vendor/lib:/opt/ros/humble/lib:/usr/lib/x86_64-linux-gnu:/usr/local/lib:/usr/lib/x86_64-linux-gnu:/usr/local/lib PYTHONPATH=/home/aurora/pnx_decision/install/btcpp_ros2_interfaces/local/lib/python3.10/dist-packages:${PYTHONPATH} _=/usr/bin/env /usr/bin/cmake /home/aurora/pnx_decision/src/BehaviorTree.ROS2/btcpp_ros2_samples -DAMENT_CMAKE_SYMLINK_INSTALL=1 -DCMAKE_INSTALL_PREFIX=/home/aurora/pnx_decision/install/btcpp_ros2_samples
[11.321s] DEBUG:colcon.colcon_core.event_handler.log_command:Invoking command in '/home/aurora/pnx_decision/build/btcpp_ros2_samples': AMENT_PREFIX_PATH=/home/aurora/pnx_decision/install/behaviortree_ros2:/home/aurora/pnx_decision/install/btcpp_ros2_interfaces:${AMENT_PREFIX_PATH} CMAKE_PREFIX_PATH=/home/aurora/pnx_decision/install/behaviortree_ros2:/home/aurora/pnx_decision/install/btcpp_ros2_interfaces:/opt/ros/humble LD_LIBRARY_PATH=/home/aurora/pnx_decision/install/behaviortree_ros2/lib:/home/aurora/pnx_decision/install/btcpp_ros2_interfaces/lib:/usr/lib/x86_64-linux-gnu/gazebo-11/plugins:/opt/ros/humble/opt/rviz_ogre_vendor/lib:/opt/ros/humble/lib/x86_64-linux-gnu:/opt/ros/humble/opt/openvdb_vendor/lib:/opt/ros/humble/lib:/usr/lib/x86_64-linux-gnu:/usr/local/lib:/usr/lib/x86_64-linux-gnu:/usr/local/lib PYTHONPATH=/home/aurora/pnx_decision/install/btcpp_ros2_interfaces/local/lib/python3.10/dist-packages:${PYTHONPATH} _=/usr/bin/env /usr/bin/cmake --build /home/aurora/pnx_decision/build/btcpp_ros2_samples -- -j16 -l16
[11.329s] DEBUG:colcon.colcon_core.event_handler.log_command:Invoked command in '/home/aurora/pnx_decision/build/robot_decision' returned '0': AMENT_PREFIX_PATH=/home/aurora/pnx_decision/install/behaviortree_ros2:/home/aurora/pnx_decision/install/btcpp_ros2_interfaces:${AMENT_PREFIX_PATH} CMAKE_PREFIX_PATH=/home/aurora/pnx_decision/install/behaviortree_ros2:/home/aurora/pnx_decision/install/btcpp_ros2_interfaces:/opt/ros/humble LD_LIBRARY_PATH=/home/aurora/pnx_decision/install/behaviortree_ros2/lib:/home/aurora/pnx_decision/install/btcpp_ros2_interfaces/lib:/usr/lib/x86_64-linux-gnu/gazebo-11/plugins:/opt/ros/humble/opt/rviz_ogre_vendor/lib:/opt/ros/humble/lib/x86_64-linux-gnu:/opt/ros/humble/opt/openvdb_vendor/lib:/opt/ros/humble/lib:/usr/lib/x86_64-linux-gnu:/usr/local/lib:/usr/lib/x86_64-linux-gnu:/usr/local/lib PYTHONPATH=/home/aurora/pnx_decision/install/btcpp_ros2_interfaces/local/lib/python3.10/dist-packages:${PYTHONPATH} _=/usr/bin/env /usr/bin/cmake /home/aurora/pnx_decision/src/robot_decision -DAMENT_CMAKE_SYMLINK_INSTALL=1 -DCMAKE_INSTALL_PREFIX=/home/aurora/pnx_decision/install/robot_decision
[11.330s] DEBUG:colcon.colcon_core.event_handler.log_command:Invoking command in '/home/aurora/pnx_decision/build/robot_decision': AMENT_PREFIX_PATH=/home/aurora/pnx_decision/install/behaviortree_ros2:/home/aurora/pnx_decision/install/btcpp_ros2_interfaces:${AMENT_PREFIX_PATH} CMAKE_PREFIX_PATH=/home/aurora/pnx_decision/install/behaviortree_ros2:/home/aurora/pnx_decision/install/btcpp_ros2_interfaces:/opt/ros/humble LD_LIBRARY_PATH=/home/aurora/pnx_decision/install/behaviortree_ros2/lib:/home/aurora/pnx_decision/install/btcpp_ros2_interfaces/lib:/usr/lib/x86_64-linux-gnu/gazebo-11/plugins:/opt/ros/humble/opt/rviz_ogre_vendor/lib:/opt/ros/humble/lib/x86_64-linux-gnu:/opt/ros/humble/opt/openvdb_vendor/lib:/opt/ros/humble/lib:/usr/lib/x86_64-linux-gnu:/usr/local/lib:/usr/lib/x86_64-linux-gnu:/usr/local/lib PYTHONPATH=/home/aurora/pnx_decision/install/btcpp_ros2_interfaces/local/lib/python3.10/dist-packages:${PYTHONPATH} _=/usr/bin/env /usr/bin/cmake --build /home/aurora/pnx_decision/build/robot_decision -- -j16 -l16
[18.414s] DEBUG:colcon.colcon_core.event_handler.log_command:Invoked command in '/home/aurora/pnx_decision/build/robot_decision' returned '0': AMENT_PREFIX_PATH=/home/aurora/pnx_decision/install/behaviortree_ros2:/home/aurora/pnx_decision/install/btcpp_ros2_interfaces:${AMENT_PREFIX_PATH} CMAKE_PREFIX_PATH=/home/aurora/pnx_decision/install/behaviortree_ros2:/home/aurora/pnx_decision/install/btcpp_ros2_interfaces:/opt/ros/humble LD_LIBRARY_PATH=/home/aurora/pnx_decision/install/behaviortree_ros2/lib:/home/aurora/pnx_decision/install/btcpp_ros2_interfaces/lib:/usr/lib/x86_64-linux-gnu/gazebo-11/plugins:/opt/ros/humble/opt/rviz_ogre_vendor/lib:/opt/ros/humble/lib/x86_64-linux-gnu:/opt/ros/humble/opt/openvdb_vendor/lib:/opt/ros/humble/lib:/usr/lib/x86_64-linux-gnu:/usr/local/lib:/usr/lib/x86_64-linux-gnu:/usr/local/lib PYTHONPATH=/home/aurora/pnx_decision/install/btcpp_ros2_interfaces/local/lib/python3.10/dist-packages:${PYTHONPATH} _=/usr/bin/env /usr/bin/cmake --build /home/aurora/pnx_decision/build/robot_decision -- -j16 -l16
[18.416s] DEBUG:colcon.colcon_core.event_handler.log_command:Invoking command in '/home/aurora/pnx_decision/build/robot_decision': AMENT_PREFIX_PATH=/home/aurora/pnx_decision/install/behaviortree_ros2:/home/aurora/pnx_decision/install/btcpp_ros2_interfaces:${AMENT_PREFIX_PATH} CMAKE_PREFIX_PATH=/home/aurora/pnx_decision/install/behaviortree_ros2:/home/aurora/pnx_decision/install/btcpp_ros2_interfaces:/opt/ros/humble LD_LIBRARY_PATH=/home/aurora/pnx_decision/install/behaviortree_ros2/lib:/home/aurora/pnx_decision/install/btcpp_ros2_interfaces/lib:/usr/lib/x86_64-linux-gnu/gazebo-11/plugins:/opt/ros/humble/opt/rviz_ogre_vendor/lib:/opt/ros/humble/lib/x86_64-linux-gnu:/opt/ros/humble/opt/openvdb_vendor/lib:/opt/ros/humble/lib:/usr/lib/x86_64-linux-gnu:/usr/local/lib:/usr/lib/x86_64-linux-gnu:/usr/local/lib PYTHONPATH=/home/aurora/pnx_decision/install/btcpp_ros2_interfaces/local/lib/python3.10/dist-packages:${PYTHONPATH} _=/usr/bin/env /usr/bin/cmake --install /home/aurora/pnx_decision/build/robot_decision
[18.595s] Level 1:colcon.colcon_core.environment:create_environment_scripts_only(robot_decision)
[18.595s] Level 1:colcon.colcon_core.environment:checking '/home/aurora/pnx_decision/install/robot_decision' for CMake module files
[18.596s] DEBUG:colcon.colcon_core.event_handler.log_command:Invoked command in '/home/aurora/pnx_decision/build/robot_decision' returned '0': AMENT_PREFIX_PATH=/home/aurora/pnx_decision/install/behaviortree_ros2:/home/aurora/pnx_decision/install/btcpp_ros2_interfaces:${AMENT_PREFIX_PATH} CMAKE_PREFIX_PATH=/home/aurora/pnx_decision/install/behaviortree_ros2:/home/aurora/pnx_decision/install/btcpp_ros2_interfaces:/opt/ros/humble LD_LIBRARY_PATH=/home/aurora/pnx_decision/install/behaviortree_ros2/lib:/home/aurora/pnx_decision/install/btcpp_ros2_interfaces/lib:/usr/lib/x86_64-linux-gnu/gazebo-11/plugins:/opt/ros/humble/opt/rviz_ogre_vendor/lib:/opt/ros/humble/lib/x86_64-linux-gnu:/opt/ros/humble/opt/openvdb_vendor/lib:/opt/ros/humble/lib:/usr/lib/x86_64-linux-gnu:/usr/local/lib:/usr/lib/x86_64-linux-gnu:/usr/local/lib PYTHONPATH=/home/aurora/pnx_decision/install/btcpp_ros2_interfaces/local/lib/python3.10/dist-packages:${PYTHONPATH} _=/usr/bin/env /usr/bin/cmake --install /home/aurora/pnx_decision/build/robot_decision
[18.596s] Level 1:colcon.colcon_core.environment:checking '/home/aurora/pnx_decision/install/robot_decision' for CMake config files
[18.596s] Level 1:colcon.colcon_core.shell:create_environment_hook('robot_decision', 'cmake_prefix_path')
[18.596s] INFO:colcon.colcon_core.shell:Creating environment hook '/home/aurora/pnx_decision/install/robot_decision/share/robot_decision/hook/cmake_prefix_path.ps1'
[18.597s] INFO:colcon.colcon_core.shell:Creating environment descriptor '/home/aurora/pnx_decision/install/robot_decision/share/robot_decision/hook/cmake_prefix_path.dsv'
[18.597s] INFO:colcon.colcon_core.shell:Creating environment hook '/home/aurora/pnx_decision/install/robot_decision/share/robot_decision/hook/cmake_prefix_path.sh'
[18.598s] Level 1:colcon.colcon_core.environment:checking '/home/aurora/pnx_decision/install/robot_decision/lib'
[18.598s] Level 1:colcon.colcon_core.environment:checking '/home/aurora/pnx_decision/install/robot_decision/bin'
[18.598s] Level 1:colcon.colcon_core.environment:checking '/home/aurora/pnx_decision/install/robot_decision/lib/pkgconfig/robot_decision.pc'
[18.598s] Level 1:colcon.colcon_core.environment:checking '/home/aurora/pnx_decision/install/robot_decision/lib/python3.10/site-packages'
[18.598s] Level 1:colcon.colcon_core.environment:checking '/home/aurora/pnx_decision/install/robot_decision/bin'
[18.598s] INFO:colcon.colcon_core.shell:Creating package script '/home/aurora/pnx_decision/install/robot_decision/share/robot_decision/package.ps1'
[18.598s] INFO:colcon.colcon_core.shell:Creating package descriptor '/home/aurora/pnx_decision/install/robot_decision/share/robot_decision/package.dsv'
[18.599s] INFO:colcon.colcon_core.shell:Creating package script '/home/aurora/pnx_decision/install/robot_decision/share/robot_decision/package.sh'
[18.599s] INFO:colcon.colcon_core.shell:Creating package script '/home/aurora/pnx_decision/install/robot_decision/share/robot_decision/package.bash'
[18.599s] INFO:colcon.colcon_core.shell:Creating package script '/home/aurora/pnx_decision/install/robot_decision/share/robot_decision/package.zsh'
[18.599s] Level 1:colcon.colcon_core.environment:create_file_with_runtime_dependencies(/home/aurora/pnx_decision/install/robot_decision/share/colcon-core/packages/robot_decision)
[18.599s] Level 1:colcon.colcon_core.environment:create_environment_scripts_only(robot_decision)
[18.600s] Level 1:colcon.colcon_core.environment:checking '/home/aurora/pnx_decision/install/robot_decision' for CMake module files
[18.600s] Level 1:colcon.colcon_core.environment:checking '/home/aurora/pnx_decision/install/robot_decision' for CMake config files
[18.600s] Level 1:colcon.colcon_core.shell:create_environment_hook('robot_decision', 'cmake_prefix_path')
[18.600s] INFO:colcon.colcon_core.shell:Creating environment hook '/home/aurora/pnx_decision/install/robot_decision/share/robot_decision/hook/cmake_prefix_path.ps1'
[18.600s] INFO:colcon.colcon_core.shell:Creating environment descriptor '/home/aurora/pnx_decision/install/robot_decision/share/robot_decision/hook/cmake_prefix_path.dsv'
[18.601s] INFO:colcon.colcon_core.shell:Creating environment hook '/home/aurora/pnx_decision/install/robot_decision/share/robot_decision/hook/cmake_prefix_path.sh'
[18.601s] Level 1:colcon.colcon_core.environment:checking '/home/aurora/pnx_decision/install/robot_decision/lib'
[18.601s] Level 1:colcon.colcon_core.environment:checking '/home/aurora/pnx_decision/install/robot_decision/bin'
[18.601s] Level 1:colcon.colcon_core.environment:checking '/home/aurora/pnx_decision/install/robot_decision/lib/pkgconfig/robot_decision.pc'
[18.601s] Level 1:colcon.colcon_core.environment:checking '/home/aurora/pnx_decision/install/robot_decision/lib/python3.10/site-packages'
[18.601s] Level 1:colcon.colcon_core.environment:checking '/home/aurora/pnx_decision/install/robot_decision/bin'
[18.601s] INFO:colcon.colcon_core.shell:Creating package script '/home/aurora/pnx_decision/install/robot_decision/share/robot_decision/package.ps1'
[18.602s] INFO:colcon.colcon_core.shell:Creating package descriptor '/home/aurora/pnx_decision/install/robot_decision/share/robot_decision/package.dsv'
[18.602s] INFO:colcon.colcon_core.shell:Creating package script '/home/aurora/pnx_decision/install/robot_decision/share/robot_decision/package.sh'
[18.602s] INFO:colcon.colcon_core.shell:Creating package script '/home/aurora/pnx_decision/install/robot_decision/share/robot_decision/package.bash'
[18.602s] INFO:colcon.colcon_core.shell:Creating package script '/home/aurora/pnx_decision/install/robot_decision/share/robot_decision/package.zsh'
[18.603s] Level 1:colcon.colcon_core.environment:create_file_with_runtime_dependencies(/home/aurora/pnx_decision/install/robot_decision/share/colcon-core/packages/robot_decision)
[21.641s] DEBUG:colcon.colcon_core.event_handler.log_command:Invoked command in '/home/aurora/pnx_decision/build/btcpp_ros2_samples' returned '0': AMENT_PREFIX_PATH=/home/aurora/pnx_decision/install/behaviortree_ros2:/home/aurora/pnx_decision/install/btcpp_ros2_interfaces:${AMENT_PREFIX_PATH} CMAKE_PREFIX_PATH=/home/aurora/pnx_decision/install/behaviortree_ros2:/home/aurora/pnx_decision/install/btcpp_ros2_interfaces:/opt/ros/humble LD_LIBRARY_PATH=/home/aurora/pnx_decision/install/behaviortree_ros2/lib:/home/aurora/pnx_decision/install/btcpp_ros2_interfaces/lib:/usr/lib/x86_64-linux-gnu/gazebo-11/plugins:/opt/ros/humble/opt/rviz_ogre_vendor/lib:/opt/ros/humble/lib/x86_64-linux-gnu:/opt/ros/humble/opt/openvdb_vendor/lib:/opt/ros/humble/lib:/usr/lib/x86_64-linux-gnu:/usr/local/lib:/usr/lib/x86_64-linux-gnu:/usr/local/lib PYTHONPATH=/home/aurora/pnx_decision/install/btcpp_ros2_interfaces/local/lib/python3.10/dist-packages:${PYTHONPATH} _=/usr/bin/env /usr/bin/cmake --build /home/aurora/pnx_decision/build/btcpp_ros2_samples -- -j16 -l16
[21.642s] DEBUG:colcon.colcon_core.event_handler.log_command:Invoking command in '/home/aurora/pnx_decision/build/btcpp_ros2_samples': AMENT_PREFIX_PATH=/home/aurora/pnx_decision/install/behaviortree_ros2:/home/aurora/pnx_decision/install/btcpp_ros2_interfaces:${AMENT_PREFIX_PATH} CMAKE_PREFIX_PATH=/home/aurora/pnx_decision/install/behaviortree_ros2:/home/aurora/pnx_decision/install/btcpp_ros2_interfaces:/opt/ros/humble LD_LIBRARY_PATH=/home/aurora/pnx_decision/install/behaviortree_ros2/lib:/home/aurora/pnx_decision/install/btcpp_ros2_interfaces/lib:/usr/lib/x86_64-linux-gnu/gazebo-11/plugins:/opt/ros/humble/opt/rviz_ogre_vendor/lib:/opt/ros/humble/lib/x86_64-linux-gnu:/opt/ros/humble/opt/openvdb_vendor/lib:/opt/ros/humble/lib:/usr/lib/x86_64-linux-gnu:/usr/local/lib:/usr/lib/x86_64-linux-gnu:/usr/local/lib PYTHONPATH=/home/aurora/pnx_decision/install/btcpp_ros2_interfaces/local/lib/python3.10/dist-packages:${PYTHONPATH} _=/usr/bin/env /usr/bin/cmake --install /home/aurora/pnx_decision/build/btcpp_ros2_samples
[21.864s] Level 1:colcon.colcon_core.environment:create_environment_scripts_only(btcpp_ros2_samples)
[21.864s] Level 1:colcon.colcon_core.environment:checking '/home/aurora/pnx_decision/install/btcpp_ros2_samples' for CMake module files
[21.864s] DEBUG:colcon.colcon_core.event_handler.log_command:Invoked command in '/home/aurora/pnx_decision/build/btcpp_ros2_samples' returned '0': AMENT_PREFIX_PATH=/home/aurora/pnx_decision/install/behaviortree_ros2:/home/aurora/pnx_decision/install/btcpp_ros2_interfaces:${AMENT_PREFIX_PATH} CMAKE_PREFIX_PATH=/home/aurora/pnx_decision/install/behaviortree_ros2:/home/aurora/pnx_decision/install/btcpp_ros2_interfaces:/opt/ros/humble LD_LIBRARY_PATH=/home/aurora/pnx_decision/install/behaviortree_ros2/lib:/home/aurora/pnx_decision/install/btcpp_ros2_interfaces/lib:/usr/lib/x86_64-linux-gnu/gazebo-11/plugins:/opt/ros/humble/opt/rviz_ogre_vendor/lib:/opt/ros/humble/lib/x86_64-linux-gnu:/opt/ros/humble/opt/openvdb_vendor/lib:/opt/ros/humble/lib:/usr/lib/x86_64-linux-gnu:/usr/local/lib:/usr/lib/x86_64-linux-gnu:/usr/local/lib PYTHONPATH=/home/aurora/pnx_decision/install/btcpp_ros2_interfaces/local/lib/python3.10/dist-packages:${PYTHONPATH} _=/usr/bin/env /usr/bin/cmake --install /home/aurora/pnx_decision/build/btcpp_ros2_samples
[21.865s] Level 1:colcon.colcon_core.environment:checking '/home/aurora/pnx_decision/install/btcpp_ros2_samples' for CMake config files
[21.865s] Level 1:colcon.colcon_core.shell:create_environment_hook('btcpp_ros2_samples', 'cmake_prefix_path')
[21.865s] INFO:colcon.colcon_core.shell:Creating environment hook '/home/aurora/pnx_decision/install/btcpp_ros2_samples/share/btcpp_ros2_samples/hook/cmake_prefix_path.ps1'
[21.865s] INFO:colcon.colcon_core.shell:Creating environment descriptor '/home/aurora/pnx_decision/install/btcpp_ros2_samples/share/btcpp_ros2_samples/hook/cmake_prefix_path.dsv'
[21.866s] INFO:colcon.colcon_core.shell:Creating environment hook '/home/aurora/pnx_decision/install/btcpp_ros2_samples/share/btcpp_ros2_samples/hook/cmake_prefix_path.sh'
[21.866s] Level 1:colcon.colcon_core.environment:checking '/home/aurora/pnx_decision/install/btcpp_ros2_samples/lib'
[21.866s] Level 1:colcon.colcon_core.environment:checking '/home/aurora/pnx_decision/install/btcpp_ros2_samples/bin'
[21.866s] Level 1:colcon.colcon_core.environment:checking '/home/aurora/pnx_decision/install/btcpp_ros2_samples/lib/pkgconfig/btcpp_ros2_samples.pc'
[21.866s] Level 1:colcon.colcon_core.environment:checking '/home/aurora/pnx_decision/install/btcpp_ros2_samples/lib/python3.10/site-packages'
[21.866s] Level 1:colcon.colcon_core.environment:checking '/home/aurora/pnx_decision/install/btcpp_ros2_samples/bin'
[21.866s] INFO:colcon.colcon_core.shell:Creating package script '/home/aurora/pnx_decision/install/btcpp_ros2_samples/share/btcpp_ros2_samples/package.ps1'
[21.867s] INFO:colcon.colcon_core.shell:Creating package descriptor '/home/aurora/pnx_decision/install/btcpp_ros2_samples/share/btcpp_ros2_samples/package.dsv'
[21.867s] INFO:colcon.colcon_core.shell:Creating package script '/home/aurora/pnx_decision/install/btcpp_ros2_samples/share/btcpp_ros2_samples/package.sh'
[21.867s] INFO:colcon.colcon_core.shell:Creating package script '/home/aurora/pnx_decision/install/btcpp_ros2_samples/share/btcpp_ros2_samples/package.bash'
[21.867s] INFO:colcon.colcon_core.shell:Creating package script '/home/aurora/pnx_decision/install/btcpp_ros2_samples/share/btcpp_ros2_samples/package.zsh'
[21.867s] Level 1:colcon.colcon_core.environment:create_file_with_runtime_dependencies(/home/aurora/pnx_decision/install/btcpp_ros2_samples/share/colcon-core/packages/btcpp_ros2_samples)
[21.868s] Level 1:colcon.colcon_core.environment:create_environment_scripts_only(btcpp_ros2_samples)
[21.868s] Level 1:colcon.colcon_core.environment:checking '/home/aurora/pnx_decision/install/btcpp_ros2_samples' for CMake module files
[21.868s] Level 1:colcon.colcon_core.environment:checking '/home/aurora/pnx_decision/install/btcpp_ros2_samples' for CMake config files
[21.868s] Level 1:colcon.colcon_core.shell:create_environment_hook('btcpp_ros2_samples', 'cmake_prefix_path')
[21.868s] INFO:colcon.colcon_core.shell:Creating environment hook '/home/aurora/pnx_decision/install/btcpp_ros2_samples/share/btcpp_ros2_samples/hook/cmake_prefix_path.ps1'
[21.868s] INFO:colcon.colcon_core.shell:Creating environment descriptor '/home/aurora/pnx_decision/install/btcpp_ros2_samples/share/btcpp_ros2_samples/hook/cmake_prefix_path.dsv'
[21.869s] INFO:colcon.colcon_core.shell:Creating environment hook '/home/aurora/pnx_decision/install/btcpp_ros2_samples/share/btcpp_ros2_samples/hook/cmake_prefix_path.sh'
[21.869s] Level 1:colcon.colcon_core.environment:checking '/home/aurora/pnx_decision/install/btcpp_ros2_samples/lib'
[21.869s] Level 1:colcon.colcon_core.environment:checking '/home/aurora/pnx_decision/install/btcpp_ros2_samples/bin'
[21.869s] Level 1:colcon.colcon_core.environment:checking '/home/aurora/pnx_decision/install/btcpp_ros2_samples/lib/pkgconfig/btcpp_ros2_samples.pc'
[21.869s] Level 1:colcon.colcon_core.environment:checking '/home/aurora/pnx_decision/install/btcpp_ros2_samples/lib/python3.10/site-packages'
[21.869s] Level 1:colcon.colcon_core.environment:checking '/home/aurora/pnx_decision/install/btcpp_ros2_samples/bin'
[21.869s] INFO:colcon.colcon_core.shell:Creating package script '/home/aurora/pnx_decision/install/btcpp_ros2_samples/share/btcpp_ros2_samples/package.ps1'
[21.870s] INFO:colcon.colcon_core.shell:Creating package descriptor '/home/aurora/pnx_decision/install/btcpp_ros2_samples/share/btcpp_ros2_samples/package.dsv'
[21.870s] INFO:colcon.colcon_core.shell:Creating package script '/home/aurora/pnx_decision/install/btcpp_ros2_samples/share/btcpp_ros2_samples/package.sh'
[21.870s] INFO:colcon.colcon_core.shell:Creating package script '/home/aurora/pnx_decision/install/btcpp_ros2_samples/share/btcpp_ros2_samples/package.bash'
[21.870s] INFO:colcon.colcon_core.shell:Creating package script '/home/aurora/pnx_decision/install/btcpp_ros2_samples/share/btcpp_ros2_samples/package.zsh'
[21.871s] Level 1:colcon.colcon_core.environment:create_file_with_runtime_dependencies(/home/aurora/pnx_decision/install/btcpp_ros2_samples/share/colcon-core/packages/btcpp_ros2_samples)
[21.871s] DEBUG:colcon.colcon_parallel_executor.executor.parallel:closing loop
[21.871s] DEBUG:colcon.colcon_parallel_executor.executor.parallel:loop closed
[21.871s] DEBUG:colcon.colcon_parallel_executor.executor.parallel:run_until_complete finished with '0'
[21.871s] DEBUG:colcon.colcon_core.event_reactor:joining thread
[21.874s] INFO:colcon.colcon_core.plugin_system:Skipping extension 'colcon_notification.desktop_notification.terminal_notifier': Not used on non-Darwin systems
[21.874s] INFO:colcon.colcon_core.plugin_system:Skipping extension 'colcon_notification.desktop_notification.win32': Not used on non-Windows systems
[21.874s] INFO:colcon.colcon_notification.desktop_notification:Sending desktop notification using 'notify2'
[21.882s] DEBUG:colcon.colcon_core.event_reactor:joined thread
[21.883s] INFO:colcon.colcon_core.shell:Creating prefix script '/home/aurora/pnx_decision/install/local_setup.ps1'
[21.886s] INFO:colcon.colcon_core.shell:Creating prefix util module '/home/aurora/pnx_decision/install/_local_setup_util_ps1.py'
[21.887s] INFO:colcon.colcon_core.shell:Creating prefix chain script '/home/aurora/pnx_decision/install/setup.ps1'
[21.887s] INFO:colcon.colcon_core.shell:Creating prefix script '/home/aurora/pnx_decision/install/local_setup.sh'
[21.887s] INFO:colcon.colcon_core.shell:Creating prefix util module '/home/aurora/pnx_decision/install/_local_setup_util_sh.py'
[21.888s] INFO:colcon.colcon_core.shell:Creating prefix chain script '/home/aurora/pnx_decision/install/setup.sh'
[21.888s] INFO:colcon.colcon_core.shell:Creating prefix script '/home/aurora/pnx_decision/install/local_setup.bash'
[21.888s] INFO:colcon.colcon_core.shell:Creating prefix chain script '/home/aurora/pnx_decision/install/setup.bash'
[21.889s] INFO:colcon.colcon_core.shell:Creating prefix script '/home/aurora/pnx_decision/install/local_setup.zsh'
[21.889s] INFO:colcon.colcon_core.shell:Creating prefix chain script '/home/aurora/pnx_decision/install/setup.zsh'
