[0.012s] Invoking command in '/home/aurora/pnx_decision/build/robot_decision': AMENT_PREFIX_PATH=/home/aurora/pnx_decision/install/behaviortree_ros2:/home/aurora/pnx_decision/install/btcpp_ros2_interfaces:${AMENT_PREFIX_PATH} CMAKE_PREFIX_PATH=/home/aurora/pnx_decision/install/behaviortree_ros2:/home/aurora/pnx_decision/install/btcpp_ros2_interfaces:/opt/ros/humble LD_LIBRARY_PATH=/home/aurora/pnx_decision/install/behaviortree_ros2/lib:/home/aurora/pnx_decision/install/btcpp_ros2_interfaces/lib:/usr/lib/x86_64-linux-gnu/gazebo-11/plugins:/opt/ros/humble/opt/rviz_ogre_vendor/lib:/opt/ros/humble/lib/x86_64-linux-gnu:/opt/ros/humble/opt/openvdb_vendor/lib:/opt/ros/humble/lib:/usr/lib/x86_64-linux-gnu:/usr/local/lib:/usr/lib/x86_64-linux-gnu:/usr/local/lib PYTHONPATH=/home/aurora/pnx_decision/install/btcpp_ros2_interfaces/local/lib/python3.10/dist-packages:${PYTHONPATH} _=/usr/bin/env /usr/bin/cmake /home/aurora/pnx_decision/src/robot_decision -DAMENT_CMAKE_SYMLINK_INSTALL=1 -DCMAKE_INSTALL_PREFIX=/home/aurora/pnx_decision/install/robot_decision
[0.052s] -- The C compiler identification is GNU 11.4.0
[0.091s] -- The CXX compiler identification is GNU 11.4.0
[0.097s] -- Detecting C compiler ABI info
[0.149s] -- Detecting C compiler ABI info - done
[0.154s] -- Check for working C compiler: /usr/bin/cc - skipped
[0.154s] -- Detecting C compile features
[0.154s] -- Detecting C compile features - done
[0.156s] -- Detecting CXX compiler ABI info
[0.215s] -- Detecting CXX compiler ABI info - done
[0.219s] -- Check for working CXX compiler: /usr/bin/c++ - skipped
[0.219s] -- Detecting CXX compile features
[0.220s] -- Detecting CXX compile features - done
[0.221s] -- Found ament_cmake_auto: 1.3.11 (/opt/ros/humble/share/ament_cmake_auto/cmake)
[0.321s] -- Found Python3: /usr/bin/python3 (found version "3.10.12") found components: Interpreter 
[0.362s] -- Override CMake install command with custom implementation using symlinks instead of copying resources
[0.449s] -- Found rosidl_generator_c: 3.1.6 (/opt/ros/humble/share/rosidl_generator_c/cmake)
[0.453s] -- Found rosidl_adapter: 3.1.6 (/opt/ros/humble/share/rosidl_adapter/cmake)
[0.458s] -- Found rosidl_generator_cpp: 3.1.6 (/opt/ros/humble/share/rosidl_generator_cpp/cmake)
[0.466s] -- Using all available rosidl_typesupport_c: rosidl_typesupport_fastrtps_c;rosidl_typesupport_introspection_c
[0.476s] -- Using all available rosidl_typesupport_cpp: rosidl_typesupport_fastrtps_cpp;rosidl_typesupport_introspection_cpp
[0.504s] -- Found rmw_implementation_cmake: 6.1.2 (/opt/ros/humble/share/rmw_implementation_cmake/cmake)
[0.506s] -- Found rmw_fastrtps_cpp: 6.2.7 (/opt/ros/humble/share/rmw_fastrtps_cpp/cmake)
[0.580s] -- Found OpenSSL: /usr/lib/x86_64-linux-gnu/libcrypto.so (found version "3.0.2")  
[0.598s] -- Found FastRTPS: /opt/ros/humble/include  
[0.629s] -- Using RMW implementation 'rmw_fastrtps_cpp' as default
[0.636s] -- Looking for pthread.h
[0.689s] -- Looking for pthread.h - found
[0.689s] -- Performing Test CMAKE_HAVE_LIBC_PTHREAD
[0.744s] -- Performing Test CMAKE_HAVE_LIBC_PTHREAD - Success
[0.745s] -- Found Threads: TRUE  
[0.891s] -- Configuring done
[0.902s] -- Generating done
[0.906s] -- Build files have been written to: /home/aurora/pnx_decision/build/robot_decision
[0.913s] Invoked command in '/home/aurora/pnx_decision/build/robot_decision' returned '0': AMENT_PREFIX_PATH=/home/aurora/pnx_decision/install/behaviortree_ros2:/home/aurora/pnx_decision/install/btcpp_ros2_interfaces:${AMENT_PREFIX_PATH} CMAKE_PREFIX_PATH=/home/aurora/pnx_decision/install/behaviortree_ros2:/home/aurora/pnx_decision/install/btcpp_ros2_interfaces:/opt/ros/humble LD_LIBRARY_PATH=/home/aurora/pnx_decision/install/behaviortree_ros2/lib:/home/aurora/pnx_decision/install/btcpp_ros2_interfaces/lib:/usr/lib/x86_64-linux-gnu/gazebo-11/plugins:/opt/ros/humble/opt/rviz_ogre_vendor/lib:/opt/ros/humble/lib/x86_64-linux-gnu:/opt/ros/humble/opt/openvdb_vendor/lib:/opt/ros/humble/lib:/usr/lib/x86_64-linux-gnu:/usr/local/lib:/usr/lib/x86_64-linux-gnu:/usr/local/lib PYTHONPATH=/home/aurora/pnx_decision/install/btcpp_ros2_interfaces/local/lib/python3.10/dist-packages:${PYTHONPATH} _=/usr/bin/env /usr/bin/cmake /home/aurora/pnx_decision/src/robot_decision -DAMENT_CMAKE_SYMLINK_INSTALL=1 -DCMAKE_INSTALL_PREFIX=/home/aurora/pnx_decision/install/robot_decision
[0.914s] Invoking command in '/home/aurora/pnx_decision/build/robot_decision': AMENT_PREFIX_PATH=/home/aurora/pnx_decision/install/behaviortree_ros2:/home/aurora/pnx_decision/install/btcpp_ros2_interfaces:${AMENT_PREFIX_PATH} CMAKE_PREFIX_PATH=/home/aurora/pnx_decision/install/behaviortree_ros2:/home/aurora/pnx_decision/install/btcpp_ros2_interfaces:/opt/ros/humble LD_LIBRARY_PATH=/home/aurora/pnx_decision/install/behaviortree_ros2/lib:/home/aurora/pnx_decision/install/btcpp_ros2_interfaces/lib:/usr/lib/x86_64-linux-gnu/gazebo-11/plugins:/opt/ros/humble/opt/rviz_ogre_vendor/lib:/opt/ros/humble/lib/x86_64-linux-gnu:/opt/ros/humble/opt/openvdb_vendor/lib:/opt/ros/humble/lib:/usr/lib/x86_64-linux-gnu:/usr/local/lib:/usr/lib/x86_64-linux-gnu:/usr/local/lib PYTHONPATH=/home/aurora/pnx_decision/install/btcpp_ros2_interfaces/local/lib/python3.10/dist-packages:${PYTHONPATH} _=/usr/bin/env /usr/bin/cmake --build /home/aurora/pnx_decision/build/robot_decision -- -j16 -l16
[0.960s] [ 66%] [32mBuilding CXX object CMakeFiles/robot_decision.dir/src/NavigateToPose.cpp.o[0m
[0.960s] [ 66%] [32mBuilding CXX object CMakeFiles/robot_decision.dir/src/main.cpp.o[0m
[7.759s] [100%] [32m[1mLinking CXX executable robot_decision[0m
[7.987s] [100%] Built target robot_decision
[7.999s] Invoked command in '/home/aurora/pnx_decision/build/robot_decision' returned '0': AMENT_PREFIX_PATH=/home/aurora/pnx_decision/install/behaviortree_ros2:/home/aurora/pnx_decision/install/btcpp_ros2_interfaces:${AMENT_PREFIX_PATH} CMAKE_PREFIX_PATH=/home/aurora/pnx_decision/install/behaviortree_ros2:/home/aurora/pnx_decision/install/btcpp_ros2_interfaces:/opt/ros/humble LD_LIBRARY_PATH=/home/aurora/pnx_decision/install/behaviortree_ros2/lib:/home/aurora/pnx_decision/install/btcpp_ros2_interfaces/lib:/usr/lib/x86_64-linux-gnu/gazebo-11/plugins:/opt/ros/humble/opt/rviz_ogre_vendor/lib:/opt/ros/humble/lib/x86_64-linux-gnu:/opt/ros/humble/opt/openvdb_vendor/lib:/opt/ros/humble/lib:/usr/lib/x86_64-linux-gnu:/usr/local/lib:/usr/lib/x86_64-linux-gnu:/usr/local/lib PYTHONPATH=/home/aurora/pnx_decision/install/btcpp_ros2_interfaces/local/lib/python3.10/dist-packages:${PYTHONPATH} _=/usr/bin/env /usr/bin/cmake --build /home/aurora/pnx_decision/build/robot_decision -- -j16 -l16
[8.000s] Invoking command in '/home/aurora/pnx_decision/build/robot_decision': AMENT_PREFIX_PATH=/home/aurora/pnx_decision/install/behaviortree_ros2:/home/aurora/pnx_decision/install/btcpp_ros2_interfaces:${AMENT_PREFIX_PATH} CMAKE_PREFIX_PATH=/home/aurora/pnx_decision/install/behaviortree_ros2:/home/aurora/pnx_decision/install/btcpp_ros2_interfaces:/opt/ros/humble LD_LIBRARY_PATH=/home/aurora/pnx_decision/install/behaviortree_ros2/lib:/home/aurora/pnx_decision/install/btcpp_ros2_interfaces/lib:/usr/lib/x86_64-linux-gnu/gazebo-11/plugins:/opt/ros/humble/opt/rviz_ogre_vendor/lib:/opt/ros/humble/lib/x86_64-linux-gnu:/opt/ros/humble/opt/openvdb_vendor/lib:/opt/ros/humble/lib:/usr/lib/x86_64-linux-gnu:/usr/local/lib:/usr/lib/x86_64-linux-gnu:/usr/local/lib PYTHONPATH=/home/aurora/pnx_decision/install/btcpp_ros2_interfaces/local/lib/python3.10/dist-packages:${PYTHONPATH} _=/usr/bin/env /usr/bin/cmake --install /home/aurora/pnx_decision/build/robot_decision
[8.007s] -- Install configuration: ""
[8.007s] -- Execute custom install script
[8.007s] -- Symlinking: /home/aurora/pnx_decision/install/robot_decision/include/robot_decision/NavigateToPose.hpp
[8.016s] -- Symlinking: /home/aurora/pnx_decision/install/robot_decision/include/robot_decision/decision_node.hpp
[8.025s] -- Symlinking: /home/aurora/pnx_decision/install/robot_decision/lib/robot_decision/robot_decision
[8.034s] -- Symlinking: /home/aurora/pnx_decision/install/robot_decision/share/ament_index/resource_index/package_run_dependencies/robot_decision
[8.043s] -- Symlinking: /home/aurora/pnx_decision/install/robot_decision/share/ament_index/resource_index/parent_prefix_path/robot_decision
[8.051s] -- Symlinking: /home/aurora/pnx_decision/install/robot_decision/share/robot_decision/environment/ament_prefix_path.sh
[8.060s] -- Symlinking: /home/aurora/pnx_decision/install/robot_decision/share/robot_decision/environment/ament_prefix_path.dsv
[8.069s] -- Symlinking: /home/aurora/pnx_decision/install/robot_decision/share/robot_decision/environment/path.sh
[8.077s] -- Symlinking: /home/aurora/pnx_decision/install/robot_decision/share/robot_decision/environment/path.dsv
[8.086s] -- Symlinking: /home/aurora/pnx_decision/install/robot_decision/share/robot_decision/local_setup.bash
[8.095s] -- Symlinking: /home/aurora/pnx_decision/install/robot_decision/share/robot_decision/local_setup.sh
[8.103s] -- Symlinking: /home/aurora/pnx_decision/install/robot_decision/share/robot_decision/local_setup.zsh
[8.111s] -- Symlinking: /home/aurora/pnx_decision/install/robot_decision/share/robot_decision/local_setup.dsv
[8.120s] -- Symlinking: /home/aurora/pnx_decision/install/robot_decision/share/robot_decision/package.dsv
[8.129s] -- Symlinking: /home/aurora/pnx_decision/install/robot_decision/share/ament_index/resource_index/packages/robot_decision
[8.137s] -- Symlinking: /home/aurora/pnx_decision/install/robot_decision/share/robot_decision/cmake/ament_cmake_export_dependencies-extras.cmake
[8.145s] -- Symlinking: /home/aurora/pnx_decision/install/robot_decision/share/robot_decision/cmake/ament_cmake_export_include_directories-extras.cmake
[8.153s] -- Symlinking: /home/aurora/pnx_decision/install/robot_decision/share/robot_decision/cmake/robot_decisionConfig.cmake
[8.161s] -- Symlinking: /home/aurora/pnx_decision/install/robot_decision/share/robot_decision/cmake/robot_decisionConfig-version.cmake
[8.168s] -- Symlinking: /home/aurora/pnx_decision/install/robot_decision/share/robot_decision/package.xml
[8.180s] Invoked command in '/home/aurora/pnx_decision/build/robot_decision' returned '0': AMENT_PREFIX_PATH=/home/aurora/pnx_decision/install/behaviortree_ros2:/home/aurora/pnx_decision/install/btcpp_ros2_interfaces:${AMENT_PREFIX_PATH} CMAKE_PREFIX_PATH=/home/aurora/pnx_decision/install/behaviortree_ros2:/home/aurora/pnx_decision/install/btcpp_ros2_interfaces:/opt/ros/humble LD_LIBRARY_PATH=/home/aurora/pnx_decision/install/behaviortree_ros2/lib:/home/aurora/pnx_decision/install/btcpp_ros2_interfaces/lib:/usr/lib/x86_64-linux-gnu/gazebo-11/plugins:/opt/ros/humble/opt/rviz_ogre_vendor/lib:/opt/ros/humble/lib/x86_64-linux-gnu:/opt/ros/humble/opt/openvdb_vendor/lib:/opt/ros/humble/lib:/usr/lib/x86_64-linux-gnu:/usr/local/lib:/usr/lib/x86_64-linux-gnu:/usr/local/lib PYTHONPATH=/home/aurora/pnx_decision/install/btcpp_ros2_interfaces/local/lib/python3.10/dist-packages:${PYTHONPATH} _=/usr/bin/env /usr/bin/cmake --install /home/aurora/pnx_decision/build/robot_decision
