[0.008s] Invoking command in '/home/aurora/pnx_decision/build/behaviortree_ros2': AMENT_PREFIX_PATH=/home/aurora/pnx_decision/install/btcpp_ros2_interfaces:${AMENT_PREFIX_PATH} CMAKE_PREFIX_PATH=/home/aurora/pnx_decision/install/btcpp_ros2_interfaces:/opt/ros/humble LD_LIBRARY_PATH=/home/aurora/pnx_decision/install/btcpp_ros2_interfaces/lib:/usr/lib/x86_64-linux-gnu/gazebo-11/plugins:/opt/ros/humble/opt/rviz_ogre_vendor/lib:/opt/ros/humble/lib/x86_64-linux-gnu:/opt/ros/humble/opt/openvdb_vendor/lib:/opt/ros/humble/lib:/usr/lib/x86_64-linux-gnu:/usr/local/lib:/usr/lib/x86_64-linux-gnu:/usr/local/lib PYTHONPATH=/home/aurora/pnx_decision/install/btcpp_ros2_interfaces/local/lib/python3.10/dist-packages:${PYTHONPATH} _=/usr/bin/env /usr/bin/cmake /home/aurora/pnx_decision/src/BehaviorTree.ROS2/behaviortree_ros2 -DAMENT_CMAKE_SYMLINK_INSTALL=1 -DCMAKE_INSTALL_PREFIX=/home/aurora/pnx_decision/install/behaviortree_ros2
[0.050s] -- The C compiler identification is GNU 11.4.0
[0.087s] -- The CXX compiler identification is GNU 11.4.0
[0.093s] -- Detecting C compiler ABI info
[0.148s] -- Detecting C compiler ABI info - done
[0.153s] -- Check for working C compiler: /usr/bin/cc - skipped
[0.153s] -- Detecting C compile features
[0.154s] -- Detecting C compile features - done
[0.155s] -- Detecting CXX compiler ABI info
[0.216s] -- Detecting CXX compiler ABI info - done
[0.220s] -- Check for working CXX compiler: /usr/bin/c++ - skipped
[0.220s] -- Detecting CXX compile features
[0.221s] -- Detecting CXX compile features - done
[0.222s] -- Found ament_cmake: 1.3.11 (/opt/ros/humble/share/ament_cmake/cmake)
[0.319s] -- Found Python3: /usr/bin/python3 (found version "3.10.12") found components: Interpreter 
[0.357s] -- Override CMake install command with custom implementation using symlinks instead of copying resources
[0.376s] -- Found rclcpp: 16.0.11 (/opt/ros/humble/share/rclcpp/cmake)
[0.402s] -- Found rosidl_generator_c: 3.1.6 (/opt/ros/humble/share/rosidl_generator_c/cmake)
[0.405s] -- Found rosidl_adapter: 3.1.6 (/opt/ros/humble/share/rosidl_adapter/cmake)
[0.409s] -- Found rosidl_generator_cpp: 3.1.6 (/opt/ros/humble/share/rosidl_generator_cpp/cmake)
[0.417s] -- Using all available rosidl_typesupport_c: rosidl_typesupport_fastrtps_c;rosidl_typesupport_introspection_c
[0.426s] -- Using all available rosidl_typesupport_cpp: rosidl_typesupport_fastrtps_cpp;rosidl_typesupport_introspection_cpp
[0.452s] -- Found rmw_implementation_cmake: 6.1.2 (/opt/ros/humble/share/rmw_implementation_cmake/cmake)
[0.454s] -- Found rmw_fastrtps_cpp: 6.2.7 (/opt/ros/humble/share/rmw_fastrtps_cpp/cmake)
[0.523s] -- Found OpenSSL: /usr/lib/x86_64-linux-gnu/libcrypto.so (found version "3.0.2")  
[0.542s] -- Found FastRTPS: /opt/ros/humble/include  
[0.572s] -- Using RMW implementation 'rmw_fastrtps_cpp' as default
[0.577s] -- Looking for pthread.h
[0.636s] -- Looking for pthread.h - found
[0.636s] -- Performing Test CMAKE_HAVE_LIBC_PTHREAD
[0.692s] -- Performing Test CMAKE_HAVE_LIBC_PTHREAD - Success
[0.692s] -- Found Threads: TRUE  
[0.722s] -- Found rclcpp_action: 16.0.11 (/opt/ros/humble/share/rclcpp_action/cmake)
[0.742s] -- Found behaviortree_cpp: 4.6.2 (/opt/ros/humble/share/behaviortree_cpp/cmake)
[0.744s] -- Found btcpp_ros2_interfaces: 0.2.0 (/home/aurora/pnx_decision/install/btcpp_ros2_interfaces/share/btcpp_ros2_interfaces/cmake)
[0.753s] -- Found generate_parameter_library: 0.4.0 (/opt/ros/humble/share/generate_parameter_library/cmake)
[0.754s] -- Found parameter_traits: 0.4.0 (/opt/ros/humble/share/parameter_traits/cmake)
[0.765s] -- Found rclcpp_lifecycle: 16.0.11 (/opt/ros/humble/share/rclcpp_lifecycle/cmake)
[0.818s] -- Configuring done
[0.825s] -- Generating done
[0.827s] -- Build files have been written to: /home/aurora/pnx_decision/build/behaviortree_ros2
[0.834s] Invoked command in '/home/aurora/pnx_decision/build/behaviortree_ros2' returned '0': AMENT_PREFIX_PATH=/home/aurora/pnx_decision/install/btcpp_ros2_interfaces:${AMENT_PREFIX_PATH} CMAKE_PREFIX_PATH=/home/aurora/pnx_decision/install/btcpp_ros2_interfaces:/opt/ros/humble LD_LIBRARY_PATH=/home/aurora/pnx_decision/install/btcpp_ros2_interfaces/lib:/usr/lib/x86_64-linux-gnu/gazebo-11/plugins:/opt/ros/humble/opt/rviz_ogre_vendor/lib:/opt/ros/humble/lib/x86_64-linux-gnu:/opt/ros/humble/opt/openvdb_vendor/lib:/opt/ros/humble/lib:/usr/lib/x86_64-linux-gnu:/usr/local/lib:/usr/lib/x86_64-linux-gnu:/usr/local/lib PYTHONPATH=/home/aurora/pnx_decision/install/btcpp_ros2_interfaces/local/lib/python3.10/dist-packages:${PYTHONPATH} _=/usr/bin/env /usr/bin/cmake /home/aurora/pnx_decision/src/BehaviorTree.ROS2/behaviortree_ros2 -DAMENT_CMAKE_SYMLINK_INSTALL=1 -DCMAKE_INSTALL_PREFIX=/home/aurora/pnx_decision/install/behaviortree_ros2
[0.836s] Invoking command in '/home/aurora/pnx_decision/build/behaviortree_ros2': AMENT_PREFIX_PATH=/home/aurora/pnx_decision/install/btcpp_ros2_interfaces:${AMENT_PREFIX_PATH} CMAKE_PREFIX_PATH=/home/aurora/pnx_decision/install/btcpp_ros2_interfaces:/opt/ros/humble LD_LIBRARY_PATH=/home/aurora/pnx_decision/install/btcpp_ros2_interfaces/lib:/usr/lib/x86_64-linux-gnu/gazebo-11/plugins:/opt/ros/humble/opt/rviz_ogre_vendor/lib:/opt/ros/humble/lib/x86_64-linux-gnu:/opt/ros/humble/opt/openvdb_vendor/lib:/opt/ros/humble/lib:/usr/lib/x86_64-linux-gnu:/usr/local/lib:/usr/lib/x86_64-linux-gnu:/usr/local/lib PYTHONPATH=/home/aurora/pnx_decision/install/btcpp_ros2_interfaces/local/lib/python3.10/dist-packages:${PYTHONPATH} _=/usr/bin/env /usr/bin/cmake --build /home/aurora/pnx_decision/build/behaviortree_ros2 -- -j16 -l16
[0.877s] [ 16%] [34m[1mRunning `/opt/ros/humble/bin/generate_parameter_library_cpp /home/aurora/pnx_decision/build/behaviortree_ros2/include/behaviortree_ros2/bt_executor_parameters.hpp /home/aurora/pnx_decision/src/BehaviorTree.ROS2/behaviortree_ros2/src/bt_executor_parameters.yaml `[0m
[1.016s] [ 33%] [34m[1mCreating deprecated header file /home/aurora/pnx_decision/build/behaviortree_ros2/include/bt_executor_parameters.hpp[0m
[1.053s] [ 33%] Built target bt_executor_parameters
[1.069s] [ 83%] [32mBuilding CXX object CMakeFiles/behaviortree_ros2.dir/src/tree_execution_server.cpp.o[0m
[1.069s] [ 83%] [32mBuilding CXX object CMakeFiles/behaviortree_ros2.dir/src/bt_utils.cpp.o[0m
[1.070s] [ 83%] [32mBuilding CXX object CMakeFiles/behaviortree_ros2.dir/src/bt_ros2.cpp.o[0m
[1.449s] In file included from [01m[K/home/aurora/pnx_decision/src/BehaviorTree.ROS2/behaviortree_ros2/include/behaviortree_ros2/bt_utils.hpp:19[m[K,
[1.449s]                  from [01m[K/home/aurora/pnx_decision/src/BehaviorTree.ROS2/behaviortree_ros2/src/bt_utils.cpp:14[m[K:
[1.449s] [01m[K/home/aurora/pnx_decision/build/behaviortree_ros2/include/bt_executor_parameters.hpp:1:142:[m[K [01;36m[Knote: [m[K‘[01m[K#pragma message: #include "bt_executor_parameters.hpp" is deprecated. Use #include <behaviortree_ros2/bt_executor_parameters.hpp> instead.[m[K’
[1.449s]     1 | #pragma message("#include \"bt_executor_parameters.hpp\" is deprecated. Use #include <behaviortree_ros2/bt_executor_parameters.hpp> instead."[01;36m[K)[m[K
[1.449s]       |                                                                                                                                              [01;36m[K^[m[K
[3.356s] In file included from [01m[K/home/aurora/pnx_decision/src/BehaviorTree.ROS2/behaviortree_ros2/include/behaviortree_ros2/bt_utils.hpp:19[m[K,
[3.356s]                  from [01m[K/home/aurora/pnx_decision/src/BehaviorTree.ROS2/behaviortree_ros2/src/tree_execution_server.cpp:24[m[K:
[3.356s] [01m[K/home/aurora/pnx_decision/build/behaviortree_ros2/include/bt_executor_parameters.hpp:1:142:[m[K [01;36m[Knote: [m[K‘[01m[K#pragma message: #include "bt_executor_parameters.hpp" is deprecated. Use #include <behaviortree_ros2/bt_executor_parameters.hpp> instead.[m[K’
[3.356s]     1 | #pragma message("#include \"bt_executor_parameters.hpp\" is deprecated. Use #include <behaviortree_ros2/bt_executor_parameters.hpp> instead."[01;36m[K)[m[K
[3.357s]       |                                                                                                                                              [01;36m[K^[m[K
[5.371s] [100%] [32m[1mLinking CXX static library libbehaviortree_ros2.a[0m
[5.427s] [100%] Built target behaviortree_ros2
[5.435s] Invoked command in '/home/aurora/pnx_decision/build/behaviortree_ros2' returned '0': AMENT_PREFIX_PATH=/home/aurora/pnx_decision/install/btcpp_ros2_interfaces:${AMENT_PREFIX_PATH} CMAKE_PREFIX_PATH=/home/aurora/pnx_decision/install/btcpp_ros2_interfaces:/opt/ros/humble LD_LIBRARY_PATH=/home/aurora/pnx_decision/install/btcpp_ros2_interfaces/lib:/usr/lib/x86_64-linux-gnu/gazebo-11/plugins:/opt/ros/humble/opt/rviz_ogre_vendor/lib:/opt/ros/humble/lib/x86_64-linux-gnu:/opt/ros/humble/opt/openvdb_vendor/lib:/opt/ros/humble/lib:/usr/lib/x86_64-linux-gnu:/usr/local/lib:/usr/lib/x86_64-linux-gnu:/usr/local/lib PYTHONPATH=/home/aurora/pnx_decision/install/btcpp_ros2_interfaces/local/lib/python3.10/dist-packages:${PYTHONPATH} _=/usr/bin/env /usr/bin/cmake --build /home/aurora/pnx_decision/build/behaviortree_ros2 -- -j16 -l16
[5.437s] Invoking command in '/home/aurora/pnx_decision/build/behaviortree_ros2': AMENT_PREFIX_PATH=/home/aurora/pnx_decision/install/btcpp_ros2_interfaces:${AMENT_PREFIX_PATH} CMAKE_PREFIX_PATH=/home/aurora/pnx_decision/install/btcpp_ros2_interfaces:/opt/ros/humble LD_LIBRARY_PATH=/home/aurora/pnx_decision/install/btcpp_ros2_interfaces/lib:/usr/lib/x86_64-linux-gnu/gazebo-11/plugins:/opt/ros/humble/opt/rviz_ogre_vendor/lib:/opt/ros/humble/lib/x86_64-linux-gnu:/opt/ros/humble/opt/openvdb_vendor/lib:/opt/ros/humble/lib:/usr/lib/x86_64-linux-gnu:/usr/local/lib:/usr/lib/x86_64-linux-gnu:/usr/local/lib PYTHONPATH=/home/aurora/pnx_decision/install/btcpp_ros2_interfaces/local/lib/python3.10/dist-packages:${PYTHONPATH} _=/usr/bin/env /usr/bin/cmake --install /home/aurora/pnx_decision/build/behaviortree_ros2
[5.442s] -- Install configuration: ""
[5.442s] -- Execute custom install script
[5.442s] -- Symlinking: /home/aurora/pnx_decision/install/behaviortree_ros2/include/behaviortree_ros2/bt_executor_parameters.hpp
[5.450s] -- Symlinking: /home/aurora/pnx_decision/install/behaviortree_ros2/include//behaviortree_ros2/bt_action_node.hpp
[5.457s] -- Symlinking: /home/aurora/pnx_decision/install/behaviortree_ros2/include//behaviortree_ros2/bt_service_node.hpp
[5.464s] -- Symlinking: /home/aurora/pnx_decision/install/behaviortree_ros2/include//behaviortree_ros2/bt_topic_pub_node.hpp
[5.471s] -- Symlinking: /home/aurora/pnx_decision/install/behaviortree_ros2/include//behaviortree_ros2/bt_topic_sub_node.hpp
[5.477s] -- Symlinking: /home/aurora/pnx_decision/install/behaviortree_ros2/include//behaviortree_ros2/bt_utils.hpp
[5.484s] -- Symlinking: /home/aurora/pnx_decision/install/behaviortree_ros2/include//behaviortree_ros2/plugins.hpp
[5.491s] -- Symlinking: /home/aurora/pnx_decision/install/behaviortree_ros2/include//behaviortree_ros2/ros_node_params.hpp
[5.498s] -- Symlinking: /home/aurora/pnx_decision/install/behaviortree_ros2/include//behaviortree_ros2/tree_execution_server.hpp
[5.506s] -- Symlinking: /home/aurora/pnx_decision/install/behaviortree_ros2/share/behaviortree_ros2/environment/library_path.sh
[5.513s] -- Symlinking: /home/aurora/pnx_decision/install/behaviortree_ros2/share/behaviortree_ros2/environment/library_path.dsv
[5.520s] -- Symlinking: /home/aurora/pnx_decision/install/behaviortree_ros2/share/ament_index/resource_index/package_run_dependencies/behaviortree_ros2
[5.527s] -- Symlinking: /home/aurora/pnx_decision/install/behaviortree_ros2/share/ament_index/resource_index/parent_prefix_path/behaviortree_ros2
[5.535s] -- Symlinking: /home/aurora/pnx_decision/install/behaviortree_ros2/share/behaviortree_ros2/environment/ament_prefix_path.sh
[5.541s] -- Symlinking: /home/aurora/pnx_decision/install/behaviortree_ros2/share/behaviortree_ros2/environment/ament_prefix_path.dsv
[5.548s] -- Symlinking: /home/aurora/pnx_decision/install/behaviortree_ros2/share/behaviortree_ros2/environment/path.sh
[5.556s] -- Symlinking: /home/aurora/pnx_decision/install/behaviortree_ros2/share/behaviortree_ros2/environment/path.dsv
[5.563s] -- Symlinking: /home/aurora/pnx_decision/install/behaviortree_ros2/share/behaviortree_ros2/local_setup.bash
[5.570s] -- Symlinking: /home/aurora/pnx_decision/install/behaviortree_ros2/share/behaviortree_ros2/local_setup.sh
[5.577s] -- Symlinking: /home/aurora/pnx_decision/install/behaviortree_ros2/share/behaviortree_ros2/local_setup.zsh
[5.584s] -- Symlinking: /home/aurora/pnx_decision/install/behaviortree_ros2/share/behaviortree_ros2/local_setup.dsv
[5.590s] -- Symlinking: /home/aurora/pnx_decision/install/behaviortree_ros2/share/behaviortree_ros2/package.dsv
[5.598s] -- Symlinking: /home/aurora/pnx_decision/install/behaviortree_ros2/share/ament_index/resource_index/packages/behaviortree_ros2
[5.605s] -- Symlinking: /home/aurora/pnx_decision/install/behaviortree_ros2/share/behaviortree_ros2/cmake/ament_cmake_export_dependencies-extras.cmake
[5.613s] -- Symlinking: /home/aurora/pnx_decision/install/behaviortree_ros2/share/behaviortree_ros2/cmake/ament_cmake_export_targets-extras.cmake
[5.620s] -- Symlinking: /home/aurora/pnx_decision/install/behaviortree_ros2/share/behaviortree_ros2/cmake/ament_cmake_export_include_directories-extras.cmake
[5.627s] -- Symlinking: /home/aurora/pnx_decision/install/behaviortree_ros2/share/behaviortree_ros2/cmake/ament_cmake_export_libraries-extras.cmake
[5.634s] -- Symlinking: /home/aurora/pnx_decision/install/behaviortree_ros2/share/behaviortree_ros2/cmake/behaviortree_ros2Config.cmake
[5.641s] -- Symlinking: /home/aurora/pnx_decision/install/behaviortree_ros2/share/behaviortree_ros2/cmake/behaviortree_ros2Config-version.cmake
[5.649s] -- Symlinking: /home/aurora/pnx_decision/install/behaviortree_ros2/share/behaviortree_ros2/package.xml
[5.656s] -- Installing: /home/aurora/pnx_decision/install/behaviortree_ros2/lib/libbehaviortree_ros2.a
[5.659s] -- Installing: /home/aurora/pnx_decision/install/behaviortree_ros2/share/behaviortree_ros2/cmake/behaviortree_ros2TargetsExport.cmake
[5.659s] -- Installing: /home/aurora/pnx_decision/install/behaviortree_ros2/share/behaviortree_ros2/cmake/behaviortree_ros2TargetsExport-noconfig.cmake
[5.661s] Invoked command in '/home/aurora/pnx_decision/build/behaviortree_ros2' returned '0': AMENT_PREFIX_PATH=/home/aurora/pnx_decision/install/btcpp_ros2_interfaces:${AMENT_PREFIX_PATH} CMAKE_PREFIX_PATH=/home/aurora/pnx_decision/install/btcpp_ros2_interfaces:/opt/ros/humble LD_LIBRARY_PATH=/home/aurora/pnx_decision/install/btcpp_ros2_interfaces/lib:/usr/lib/x86_64-linux-gnu/gazebo-11/plugins:/opt/ros/humble/opt/rviz_ogre_vendor/lib:/opt/ros/humble/lib/x86_64-linux-gnu:/opt/ros/humble/opt/openvdb_vendor/lib:/opt/ros/humble/lib:/usr/lib/x86_64-linux-gnu:/usr/local/lib:/usr/lib/x86_64-linux-gnu:/usr/local/lib PYTHONPATH=/home/aurora/pnx_decision/install/btcpp_ros2_interfaces/local/lib/python3.10/dist-packages:${PYTHONPATH} _=/usr/bin/env /usr/bin/cmake --install /home/aurora/pnx_decision/build/behaviortree_ros2
