[35m[1mConsolidate compiler generated dependencies of target robot_decision_node[0m
[ 50%] [32mBuilding CXX object CMakeFiles/robot_decision_node.dir/src/decision_node.cpp.o[0m
[100%] [32m[1mLinking CXX executable robot_decision_node[0m
[100%] Built target robot_decision_node
-- Install configuration: ""
-- Execute custom install script
-- Symlinking: /home/aurora/pnx_decision/install/robot_decision/include/robot_decision/decision_node.hpp
-- Symlinking: /home/aurora/pnx_decision/install/robot_decision/lib/robot_decision/robot_decision_node
-- Symlinking: /home/aurora/pnx_decision/install/robot_decision/share/robot_decision/launch/decision_node_launch.py
-- Symlinking: /home/aurora/pnx_decision/install/robot_decision/share/ament_index/resource_index/package_run_dependencies/robot_decision
-- Symlinking: /home/aurora/pnx_decision/install/robot_decision/share/ament_index/resource_index/parent_prefix_path/robot_decision
-- Symlinking: /home/aurora/pnx_decision/install/robot_decision/share/robot_decision/environment/ament_prefix_path.sh
-- Symlinking: /home/aurora/pnx_decision/install/robot_decision/share/robot_decision/environment/ament_prefix_path.dsv
-- Symlinking: /home/aurora/pnx_decision/install/robot_decision/share/robot_decision/environment/path.sh
-- Symlinking: /home/aurora/pnx_decision/install/robot_decision/share/robot_decision/environment/path.dsv
-- Symlinking: /home/aurora/pnx_decision/install/robot_decision/share/robot_decision/local_setup.bash
-- Symlinking: /home/aurora/pnx_decision/install/robot_decision/share/robot_decision/local_setup.sh
-- Symlinking: /home/aurora/pnx_decision/install/robot_decision/share/robot_decision/local_setup.zsh
-- Symlinking: /home/aurora/pnx_decision/install/robot_decision/share/robot_decision/local_setup.dsv
-- Symlinking: /home/aurora/pnx_decision/install/robot_decision/share/robot_decision/package.dsv
-- Symlinking: /home/aurora/pnx_decision/install/robot_decision/share/ament_index/resource_index/packages/robot_decision
-- Symlinking: /home/aurora/pnx_decision/install/robot_decision/share/robot_decision/cmake/ament_cmake_export_dependencies-extras.cmake
-- Symlinking: /home/aurora/pnx_decision/install/robot_decision/share/robot_decision/cmake/ament_cmake_export_include_directories-extras.cmake
-- Symlinking: /home/aurora/pnx_decision/install/robot_decision/share/robot_decision/cmake/robot_decisionConfig.cmake
-- Symlinking: /home/aurora/pnx_decision/install/robot_decision/share/robot_decision/cmake/robot_decisionConfig-version.cmake
-- Symlinking: /home/aurora/pnx_decision/install/robot_decision/share/robot_decision/package.xml
